#
# There is insufficient memory for the Java Runtime Environment to continue.
# Native memory allocation (mmap) failed to map 325058560 bytes for G1 virtual space
# Possible reasons:
#   The system is out of physical RAM or swap space
#   The process is running with CompressedOops enabled, and the Java Heap may be blocking the growth of the native heap
# Possible solutions:
#   Reduce memory load on the system
#   Increase physical memory or swap space
#   Check if swap backing store is full
#   Decrease Java heap size (-Xmx/-Xms)
#   Decrease number of Java threads
#   Decrease Java thread stack sizes (-Xss)
#   Set larger code cache with -XX:ReservedCodeCacheSize=
#   JVM is running with Unscaled Compressed Oops mode in which the Java heap is
#     placed in the first 4GB address space. The Java Heap base address is the
#     maximum limit for the native heap growth. Please use -XX:HeapBaseMinAddress
#     to set the Java Heap base and to place the Java Heap above 4GB virtual address.
# This output file may be truncated or incomplete.
#
#  Out of Memory Error (os_windows.cpp:3535), pid=23092, tid=29100
#
# JRE version: OpenJDK Runtime Environment Temurin-17.0.3+7 (17.0.3+7) (build 17.0.3+7)
# Java VM: OpenJDK 64-Bit Server VM Temurin-17.0.3+7 (17.0.3+7, mixed mode, emulated-client, tiered, compressed oops, compressed class ptrs, g1 gc, windows-amd64)
# No core dump will be written. Minidumps are not enabled by default on client versions of Windows
#

---------------  S U M M A R Y ------------

Command Line: -Dcom.sun.management.jmxremote -Dcom.sun.management.jmxremote.port=61710 -Dcom.sun.management.jmxremote.authenticate=false -Dcom.sun.management.jmxremote.ssl=false -Djava.rmi.server.hostname=localhost -Dspring.jmx.enabled=true -Dspring.application.admin.enabled=true -XX:TieredStopAtLevel=1 -Dspring.boot.project.name=springboot-thymeleaf-Application -Dfile.encoding=UTF-8 -XX:+ShowCodeDetailsInExceptionMessages com.springboot.SpringbootThymeleafCrudWebAppApplication --spring.output.ansi.enabled=always

Host: Intel(R) Core(TM) i5-7200U CPU @ 2.50GHz, 4 cores, 3G,  Windows 10 , 64 bit Build 19041 (10.0.19041.1741)
Time: Tue Jun 28 20:29:24 2022 Maroc (heure d64 bit Build 19041 (10.0.19041.1741) elapsed time: 134.790375 seconds (0d 0h 2m 14s)

---------------  T H R E A D  ---------------

Current thread (0x00000268faf3e570):  VMThread "VM Thread" [stack: 0x0000009fe4000000,0x0000009fe4100000] [id=29100]

Stack: [0x0000009fe4000000,0x0000009fe4100000]
Native frames: (J=compiled Java code, j=interpreted, Vv=VM code, C=native code)
V  [jvm.dll+0x675efa]
V  [jvm.dll+0x830a24]
V  [jvm.dll+0x8321ce]
V  [jvm.dll+0x832833]
V  [jvm.dll+0x2454b5]
V  [jvm.dll+0x672de9]
V  [jvm.dll+0x667732]
V  [jvm.dll+0x3043ab]
V  [jvm.dll+0x30b8f6]
V  [jvm.dll+0x35b62e]
V  [jvm.dll+0x35b85f]
V  [jvm.dll+0x2db248]
V  [jvm.dll+0x2d94fc]
V  [jvm.dll+0x2d8acc]
V  [jvm.dll+0x31ca2b]
V  [jvm.dll+0x836cdb]
V  [jvm.dll+0x837a14]
V  [jvm.dll+0x837f2c]
V  [jvm.dll+0x838304]
V  [jvm.dll+0x8383d0]
V  [jvm.dll+0x7e0cfa]
V  [jvm.dll+0x674d85]
C  [ucrtbase.dll+0x21bb2]
C  [KERNEL32.DLL+0x17034]
C  [ntdll.dll+0x52651]

VM_Operation (0x0000009fe66eaee0): G1CollectForAllocation, mode: safepoint, requested by thread 0x000002688ceaeea0


---------------  P R O C E S S  ---------------

Threads class SMR info:
_java_thread_list=0x000002688d893c60, length=37, elements={
0x0000026887d1da10, 0x0000026887d205c0, 0x0000026887d44650, 0x0000026887d657c0,
0x0000026887d66080, 0x0000026887d7cf70, 0x0000026887d7d830, 0x0000026887daac10,
0x00000268faf1cd70, 0x000002688896e160, 0x0000026889066010, 0x0000026889016e90,
0x0000026888d80b40, 0x0000026888a53820, 0x0000026888a53cf0, 0x00000268891ac2e0,
0x000002688a1d3570, 0x000002688a1d3a40, 0x000002688a1d30a0, 0x000002688a1d48b0,
0x000002688ceb1ec0, 0x000002688ceae030, 0x000002688ceb4070, 0x000002688ceafd10,
0x000002688ceb5880, 0x000002688ceaeea0, 0x000002688ceb2390, 0x000002688ceaf370,
0x000002688ceb1520, 0x000002688ceb01e0, 0x000002688ceb3200, 0x000002688ceb2d30,
0x000002688ceae500, 0x000002688ceae9d0, 0x000002688ceaf840, 0x000002688ceb0b80,
0x000002688ceb19f0
}

Java Threads: ( => current thread )
  0x0000026887d1da10 JavaThread "Reference Handler" daemon [_thread_blocked, id=10156, stack(0x0000009fe4100000,0x0000009fe4200000)]
  0x0000026887d205c0 JavaThread "Finalizer" daemon [_thread_blocked, id=21692, stack(0x0000009fe4200000,0x0000009fe4300000)]
  0x0000026887d44650 JavaThread "Signal Dispatcher" daemon [_thread_blocked, id=23904, stack(0x0000009fe4400000,0x0000009fe4500000)]
  0x0000026887d657c0 JavaThread "Attach Listener" daemon [_thread_blocked, id=10624, stack(0x0000009fe4500000,0x0000009fe4600000)]
  0x0000026887d66080 JavaThread "Service Thread" daemon [_thread_blocked, id=31536, stack(0x0000009fe4600000,0x0000009fe4700000)]
  0x0000026887d7cf70 JavaThread "Monitor Deflation Thread" daemon [_thread_blocked, id=18864, stack(0x0000009fe4700000,0x0000009fe4800000)]
  0x0000026887d7d830 JavaThread "C1 CompilerThread0" daemon [_thread_blocked, id=8320, stack(0x0000009fe4800000,0x0000009fe4900000)]
  0x0000026887daac10 JavaThread "Sweeper thread" daemon [_thread_blocked, id=7788, stack(0x0000009fe4900000,0x0000009fe4a00000)]
  0x00000268faf1cd70 JavaThread "Common-Cleaner" daemon [_thread_blocked, id=30716, stack(0x0000009fe4a00000,0x0000009fe4b00000)]
  0x000002688896e160 JavaThread "Notification Thread" daemon [_thread_blocked, id=27528, stack(0x0000009fe4b00000,0x0000009fe4c00000)]
  0x0000026889066010 JavaThread "RMI TCP Accept-0" daemon [_thread_in_native, id=29072, stack(0x0000009fe4c00000,0x0000009fe4d00000)]
  0x0000026889016e90 JavaThread "RMI TCP Accept-61710" daemon [_thread_in_native, id=30664, stack(0x0000009fe4d00000,0x0000009fe4e00000)]
  0x0000026888d80b40 JavaThread "RMI TCP Accept-0" daemon [_thread_in_native, id=22920, stack(0x0000009fe5400000,0x0000009fe5500000)]
  0x0000026888a53820 JavaThread "RMI Scheduler(0)" daemon [_thread_blocked, id=13532, stack(0x0000009fe5600000,0x0000009fe5700000)]
  0x0000026888a53cf0 JavaThread "RMI TCP Connection(8)-127.0.0.1" daemon [_thread_in_native, id=18788, stack(0x0000009fe5700000,0x0000009fe5800000)]
  0x00000268891ac2e0 JavaThread "JMX server connection timeout 21" daemon [_thread_blocked, id=30244, stack(0x0000009fe5800000,0x0000009fe5900000)]
  0x000002688a1d3570 JavaThread "Catalina-utility-1" [_thread_blocked, id=4836, stack(0x0000009fe5b00000,0x0000009fe5c00000)]
  0x000002688a1d3a40 JavaThread "Catalina-utility-2" [_thread_blocked, id=15976, stack(0x0000009fe5c00000,0x0000009fe5d00000)]
  0x000002688a1d30a0 JavaThread "container-0" [_thread_blocked, id=23128, stack(0x0000009fe5d00000,0x0000009fe5e00000)]
  0x000002688a1d48b0 JavaThread "mysql-cj-abandoned-connection-cleanup" daemon [_thread_blocked, id=8592, stack(0x0000009fe5e00000,0x0000009fe5f00000)]
  0x000002688ceb1ec0 JavaThread "HikariPool-1 housekeeper" daemon [_thread_blocked, id=7328, stack(0x0000009fe6100000,0x0000009fe6200000)]
  0x000002688ceae030 JavaThread "Live Reload Server" daemon [_thread_in_native, id=1580, stack(0x0000009fe6400000,0x0000009fe6500000)]
  0x000002688ceb4070 JavaThread "File Watcher" daemon [_thread_blocked, id=21108, stack(0x0000009fe6200000,0x0000009fe6300000)]
  0x000002688ceafd10 JavaThread "http-nio-8090-BlockPoller" daemon [_thread_in_native, id=20548, stack(0x0000009fe6300000,0x0000009fe6400000)]
  0x000002688ceb5880 JavaThread "http-nio-8090-exec-1" daemon [_thread_blocked, id=23192, stack(0x0000009fe6500000,0x0000009fe6600000)]
  0x000002688ceaeea0 JavaThread "http-nio-8090-exec-2" daemon [_thread_blocked, id=17488, stack(0x0000009fe6600000,0x0000009fe6700000)]
  0x000002688ceb2390 JavaThread "http-nio-8090-exec-3" daemon [_thread_blocked, id=25128, stack(0x0000009fe6700000,0x0000009fe6800000)]
  0x000002688ceaf370 JavaThread "http-nio-8090-exec-4" daemon [_thread_blocked, id=21412, stack(0x0000009fe6800000,0x0000009fe6900000)]
  0x000002688ceb1520 JavaThread "http-nio-8090-exec-5" daemon [_thread_blocked, id=16264, stack(0x0000009fe6900000,0x0000009fe6a00000)]
  0x000002688ceb01e0 JavaThread "http-nio-8090-exec-6" daemon [_thread_blocked, id=19340, stack(0x0000009fe6a00000,0x0000009fe6b00000)]
  0x000002688ceb3200 JavaThread "http-nio-8090-exec-7" daemon [_thread_blocked, id=27928, stack(0x0000009fe6b00000,0x0000009fe6c00000)]
  0x000002688ceb2d30 JavaThread "http-nio-8090-exec-8" daemon [_thread_blocked, id=6908, stack(0x0000009fe6c00000,0x0000009fe6d00000)]
  0x000002688ceae500 JavaThread "http-nio-8090-exec-9" daemon [_thread_blocked, id=16136, stack(0x0000009fe6d00000,0x0000009fe6e00000)]
  0x000002688ceae9d0 JavaThread "http-nio-8090-exec-10" daemon [_thread_blocked, id=14368, stack(0x0000009fe6e00000,0x0000009fe6f00000)]
  0x000002688ceaf840 JavaThread "http-nio-8090-ClientPoller" daemon [_thread_in_native, id=20164, stack(0x0000009fe6f00000,0x0000009fe7000000)]
  0x000002688ceb0b80 JavaThread "http-nio-8090-Acceptor" daemon [_thread_in_native, id=11756, stack(0x0000009fe7000000,0x0000009fe7100000)]
  0x000002688ceb19f0 JavaThread "DestroyJavaVM" [_thread_blocked, id=20744, stack(0x0000009fe3a00000,0x0000009fe3b00000)]

Other Threads:
=>0x00000268faf3e570 VMThread "VM Thread" [stack: 0x0000009fe4000000,0x0000009fe4100000] [id=29100]
  0x0000026889071970 WatcherThread [stack: 0x0000009fe5500000,0x0000009fe5600000] [id=11716]
  0x00000268faeaee30 GCTaskThread "GC Thread#0" [stack: 0x0000009fe3b00000,0x0000009fe3c00000] [id=8560]
  0x000002688906f930 GCTaskThread "GC Thread#1" [stack: 0x0000009fe4e00000,0x0000009fe4f00000] [id=24888]
  0x000002688905b540 GCTaskThread "GC Thread#2" [stack: 0x0000009fe4f00000,0x0000009fe5000000] [id=23544]
  0x0000026889072460 GCTaskThread "GC Thread#3" [stack: 0x0000009fe5000000,0x0000009fe5100000] [id=30820]
  0x00000268faeb8a10 ConcurrentGCThread "G1 Main Marker" [stack: 0x0000009fe3c00000,0x0000009fe3d00000] [id=10224]
  0x00000268faeb9330 ConcurrentGCThread "G1 Conc#0" [stack: 0x0000009fe3d00000,0x0000009fe3e00000] [id=12640]
  0x00000268faf0a380 ConcurrentGCThread "G1 Refine#0" [stack: 0x0000009fe3e00000,0x0000009fe3f00000] [id=26936]
  0x0000026889017710 ConcurrentGCThread "G1 Refine#1" [stack: 0x0000009fe5100000,0x0000009fe5200000] [id=17516]
  0x00000268890179f0 ConcurrentGCThread "G1 Refine#2" [stack: 0x0000009fe5200000,0x0000009fe5300000] [id=7688]
  0x00000268faf0b450 ConcurrentGCThread "G1 Service" [stack: 0x0000009fe3f00000,0x0000009fe4000000] [id=13324]

Threads with active compile tasks:

VM state: at safepoint (normal execution)

VM Mutex/Monitor currently owned by a thread:  ([mutex/lock_event])
[0x00000268fae6e3e0] Threads_lock - owner thread: 0x00000268faf3e570
[0x00000268fae6d9c0] Heap_lock - owner thread: 0x000002688ceaeea0

Heap address: 0x00000000c1400000, size: 1004 MB, Compressed Oops mode: 32-bit

CDS archive(s) not mapped
Compressed class space mapped at: 0x0000000100000000-0x0000000140000000, reserved size: 1073741824
Narrow klass base: 0x0000000000000000, Narrow klass shift: 3, Narrow klass range: 0x140000000

GC Precious Log:
 CPUs: 4 total, 4 available
 Memory: 4012M
 Large Page Support: Disabled
 NUMA Support: Disabled
 Compressed Oops: Enabled (32-bit)
 Heap Region Size: 1M
 Heap Min Capacity: 8M
 Heap Initial Capacity: 64M
 Heap Max Capacity: 1004M
 Pre-touch: Disabled
 Parallel Workers: 4
 Concurrent Workers: 1
 Concurrent Refinement Workers: 4
 Periodic GC: Disabled

Heap:
 garbage-first heap   total 227328K, used 72660K [0x00000000c1400000, 0x0000000100000000)
  region size 1024K, 7 young (7168K), 7 survivors (7168K)
 Metaspace       used 71285K, committed 71808K, reserved 1114112K
  class space    used 9608K, committed 9856K, reserved 1048576K

Heap Regions: E=young(eden), S=young(survivor), O=old, HS=humongous(starts), HC=humongous(continues), CS=collection set, F=free, OA=open archive, CA=closed archive, TAMS=top-at-mark-start (previous, next)
|   0|0x00000000c1400000, 0x00000000c1500000, 0x00000000c1500000|100%|HS|  |TAMS 0x00000000c1500000, 0x00000000c1400000| Complete 
|   1|0x00000000c1500000, 0x00000000c1600000, 0x00000000c1600000|100%| O|  |TAMS 0x00000000c1600000, 0x00000000c1500000| Untracked 
|   2|0x00000000c1600000, 0x00000000c1700000, 0x00000000c1700000|100%| O|  |TAMS 0x00000000c1700000, 0x00000000c1600000| Untracked 
|   3|0x00000000c1700000, 0x00000000c1800000, 0x00000000c1800000|100%| O|  |TAMS 0x00000000c1800000, 0x00000000c1700000| Untracked 
|   4|0x00000000c1800000, 0x00000000c1900000, 0x00000000c1900000|100%| O|  |TAMS 0x00000000c1900000, 0x00000000c1800000| Untracked 
|   5|0x00000000c1900000, 0x00000000c1a00000, 0x00000000c1a00000|100%| O|  |TAMS 0x00000000c1a00000, 0x00000000c1900000| Untracked 
|   6|0x00000000c1a00000, 0x00000000c1b00000, 0x00000000c1b00000|100%| O|  |TAMS 0x00000000c1b00000, 0x00000000c1a00000| Untracked 
|   7|0x00000000c1b00000, 0x00000000c1c00000, 0x00000000c1c00000|100%| O|  |TAMS 0x00000000c1c00000, 0x00000000c1b00000| Untracked 
|   8|0x00000000c1c00000, 0x00000000c1d00000, 0x00000000c1d00000|100%| O|  |TAMS 0x00000000c1d00000, 0x00000000c1c00000| Untracked 
|   9|0x00000000c1d00000, 0x00000000c1e00000, 0x00000000c1e00000|100%| O|  |TAMS 0x00000000c1e00000, 0x00000000c1d00000| Untracked 
|  10|0x00000000c1e00000, 0x00000000c1f00000, 0x00000000c1f00000|100%| O|  |TAMS 0x00000000c1f00000, 0x00000000c1e00000| Untracked 
|  11|0x00000000c1f00000, 0x00000000c2000000, 0x00000000c2000000|100%| O|  |TAMS 0x00000000c2000000, 0x00000000c1f00000| Untracked 
|  12|0x00000000c2000000, 0x00000000c2100000, 0x00000000c2100000|100%| O|  |TAMS 0x00000000c2100000, 0x00000000c2000000| Untracked 
|  13|0x00000000c2100000, 0x00000000c2200000, 0x00000000c2200000|100%| O|  |TAMS 0x00000000c2200000, 0x00000000c2100000| Untracked 
|  14|0x00000000c2200000, 0x00000000c2300000, 0x00000000c2300000|100%| O|  |TAMS 0x00000000c2300000, 0x00000000c2200000| Untracked 
|  15|0x00000000c2300000, 0x00000000c2400000, 0x00000000c2400000|100%| O|  |TAMS 0x00000000c2400000, 0x00000000c2300000| Untracked 
|  16|0x00000000c2400000, 0x00000000c2500000, 0x00000000c2500000|100%| O|  |TAMS 0x00000000c2500000, 0x00000000c2400000| Untracked 
|  17|0x00000000c2500000, 0x00000000c2600000, 0x00000000c2600000|100%| O|  |TAMS 0x00000000c2600000, 0x00000000c2500000| Untracked 
|  18|0x00000000c2600000, 0x00000000c2700000, 0x00000000c2700000|100%| O|  |TAMS 0x00000000c2700000, 0x00000000c2600000| Untracked 
|  19|0x00000000c2700000, 0x00000000c2800000, 0x00000000c2800000|100%| O|  |TAMS 0x00000000c2800000, 0x00000000c2700000| Untracked 
|  20|0x00000000c2800000, 0x00000000c2900000, 0x00000000c2900000|100%| O|  |TAMS 0x00000000c2900000, 0x00000000c2800000| Untracked 
|  21|0x00000000c2900000, 0x00000000c2a00000, 0x00000000c2a00000|100%| O|  |TAMS 0x00000000c2a00000, 0x00000000c2900000| Untracked 
|  22|0x00000000c2a00000, 0x00000000c2b00000, 0x00000000c2b00000|100%| O|  |TAMS 0x00000000c2b00000, 0x00000000c2a00000| Untracked 
|  23|0x00000000c2b00000, 0x00000000c2c00000, 0x00000000c2c00000|100%| O|  |TAMS 0x00000000c2c00000, 0x00000000c2b00000| Untracked 
|  24|0x00000000c2c00000, 0x00000000c2d00000, 0x00000000c2d00000|100%| O|  |TAMS 0x00000000c2d00000, 0x00000000c2c00000| Untracked 
|  25|0x00000000c2d00000, 0x00000000c2e00000, 0x00000000c2e00000|100%| O|  |TAMS 0x00000000c2e00000, 0x00000000c2d00000| Untracked 
|  26|0x00000000c2e00000, 0x00000000c2f00000, 0x00000000c2f00000|100%| O|  |TAMS 0x00000000c2f00000, 0x00000000c2e00000| Untracked 
|  27|0x00000000c2f00000, 0x00000000c3000000, 0x00000000c3000000|100%| O|  |TAMS 0x00000000c3000000, 0x00000000c2f00000| Untracked 
|  28|0x00000000c3000000, 0x00000000c3100000, 0x00000000c3100000|100%| O|  |TAMS 0x00000000c3100000, 0x00000000c3000000| Untracked 
|  29|0x00000000c3100000, 0x00000000c3200000, 0x00000000c3200000|100%| O|  |TAMS 0x00000000c3100000, 0x00000000c3100000| Untracked 
|  30|0x00000000c3200000, 0x00000000c3300000, 0x00000000c3300000|100%| O|  |TAMS 0x00000000c3300000, 0x00000000c3200000| Untracked 
|  31|0x00000000c3300000, 0x00000000c3400000, 0x00000000c3400000|100%| O|  |TAMS 0x00000000c3400000, 0x00000000c3300000| Untracked 
|  32|0x00000000c3400000, 0x00000000c3500000, 0x00000000c3500000|100%| O|  |TAMS 0x00000000c3500000, 0x00000000c3400000| Untracked 
|  33|0x00000000c3500000, 0x00000000c3600000, 0x00000000c3600000|100%| O|  |TAMS 0x00000000c3600000, 0x00000000c3500000| Untracked 
|  34|0x00000000c3600000, 0x00000000c3700000, 0x00000000c3700000|100%| O|  |TAMS 0x00000000c3700000, 0x00000000c3600000| Untracked 
|  35|0x00000000c3700000, 0x00000000c3800000, 0x00000000c3800000|100%| O|  |TAMS 0x00000000c3700000, 0x00000000c3700000| Untracked 
|  36|0x00000000c3800000, 0x00000000c3900000, 0x00000000c3900000|100%| O|  |TAMS 0x00000000c3900000, 0x00000000c3800000| Untracked 
|  37|0x00000000c3900000, 0x00000000c3a00000, 0x00000000c3a00000|100%| O|  |TAMS 0x00000000c3a00000, 0x00000000c3900000| Untracked 
|  38|0x00000000c3a00000, 0x00000000c3b00000, 0x00000000c3b00000|100%| O|  |TAMS 0x00000000c3b00000, 0x00000000c3a00000| Untracked 
|  39|0x00000000c3b00000, 0x00000000c3c00000, 0x00000000c3c00000|100%| O|  |TAMS 0x00000000c3c00000, 0x00000000c3b00000| Untracked 
|  40|0x00000000c3c00000, 0x00000000c3d00000, 0x00000000c3d00000|100%| O|  |TAMS 0x00000000c3d00000, 0x00000000c3c00000| Untracked 
|  41|0x00000000c3d00000, 0x00000000c3e00000, 0x00000000c3e00000|100%| O|  |TAMS 0x00000000c3e00000, 0x00000000c3d00000| Untracked 
|  42|0x00000000c3e00000, 0x00000000c3f00000, 0x00000000c3f00000|100%| O|  |TAMS 0x00000000c3f00000, 0x00000000c3e00000| Untracked 
|  43|0x00000000c3f00000, 0x00000000c4000000, 0x00000000c4000000|100%| O|  |TAMS 0x00000000c3f00000, 0x00000000c3f00000| Untracked 
|  44|0x00000000c4000000, 0x00000000c4100000, 0x00000000c4100000|100%| O|  |TAMS 0x00000000c4000000, 0x00000000c4000000| Untracked 
|  45|0x00000000c4100000, 0x00000000c4200000, 0x00000000c4200000|100%| O|  |TAMS 0x00000000c4200000, 0x00000000c4100000| Untracked 
|  46|0x00000000c4200000, 0x00000000c4300000, 0x00000000c4300000|100%| O|  |TAMS 0x00000000c4200000, 0x00000000c4200000| Untracked 
|  47|0x00000000c4300000, 0x00000000c4400000, 0x00000000c4400000|100%| O|  |TAMS 0x00000000c4400000, 0x00000000c4300000| Untracked 
|  48|0x00000000c4400000, 0x00000000c4400000, 0x00000000c4500000|  0%| F|  |TAMS 0x00000000c4400000, 0x00000000c4400000| Untracked 
|  49|0x00000000c4500000, 0x00000000c4600000, 0x00000000c4600000|100%| O|  |TAMS 0x00000000c4500000, 0x00000000c4500000| Untracked 
|  50|0x00000000c4600000, 0x00000000c4700000, 0x00000000c4700000|100%| O|  |TAMS 0x00000000c4600000, 0x00000000c4600000| Untracked 
|  51|0x00000000c4700000, 0x00000000c4800000, 0x00000000c4800000|100%| O|  |TAMS 0x00000000c4700000, 0x00000000c4700000| Untracked 
|  52|0x00000000c4800000, 0x00000000c4900000, 0x00000000c4900000|100%| O|  |TAMS 0x00000000c4800000, 0x00000000c4800000| Untracked 
|  53|0x00000000c4900000, 0x00000000c4a00000, 0x00000000c4a00000|100%| O|  |TAMS 0x00000000c4900000, 0x00000000c4900000| Untracked 
|  54|0x00000000c4a00000, 0x00000000c4b00000, 0x00000000c4b00000|100%| O|  |TAMS 0x00000000c4b00000, 0x00000000c4a00000| Untracked 
|  55|0x00000000c4b00000, 0x00000000c4b00000, 0x00000000c4c00000|  0%| F|  |TAMS 0x00000000c4b00000, 0x00000000c4b00000| Untracked 
|  56|0x00000000c4c00000, 0x00000000c4d00000, 0x00000000c4d00000|100%| O|  |TAMS 0x00000000c4c00000, 0x00000000c4c00000| Untracked 
|  57|0x00000000c4d00000, 0x00000000c4e00000, 0x00000000c4e00000|100%| O|  |TAMS 0x00000000c4d00000, 0x00000000c4d00000| Untracked 
|  58|0x00000000c4e00000, 0x00000000c4f00000, 0x00000000c4f00000|100%| O|  |TAMS 0x00000000c4f00000, 0x00000000c4e00000| Untracked 
|  59|0x00000000c4f00000, 0x00000000c4f73400, 0x00000000c5000000| 45%| O|  |TAMS 0x00000000c4f00000, 0x00000000c4f00000| Untracked 
|  60|0x00000000c5000000, 0x00000000c5100000, 0x00000000c5100000|100%| O|  |TAMS 0x00000000c5100000, 0x00000000c5000000| Untracked 
|  61|0x00000000c5100000, 0x00000000c5100000, 0x00000000c5200000|  0%| F|  |TAMS 0x00000000c5100000, 0x00000000c5100000| Untracked 
|  62|0x00000000c5200000, 0x00000000c5200000, 0x00000000c5300000|  0%| F|  |TAMS 0x00000000c5200000, 0x00000000c5200000| Untracked 
|  63|0x00000000c5300000, 0x00000000c5300000, 0x00000000c5400000|  0%| F|  |TAMS 0x00000000c5300000, 0x00000000c5300000| Untracked 
|  64|0x00000000c5400000, 0x00000000c5400000, 0x00000000c5500000|  0%| F|  |TAMS 0x00000000c5400000, 0x00000000c5400000| Untracked 
|  65|0x00000000c5500000, 0x00000000c5500000, 0x00000000c5600000|  0%| F|  |TAMS 0x00000000c5500000, 0x00000000c5500000| Untracked 
|  66|0x00000000c5600000, 0x00000000c5600000, 0x00000000c5700000|  0%| F|  |TAMS 0x00000000c5600000, 0x00000000c5600000| Untracked 
|  67|0x00000000c5700000, 0x00000000c5700000, 0x00000000c5800000|  0%| F|  |TAMS 0x00000000c5700000, 0x00000000c5700000| Untracked 
|  68|0x00000000c5800000, 0x00000000c5900000, 0x00000000c5900000|100%| O|  |TAMS 0x00000000c5900000, 0x00000000c5800000| Untracked 
|  69|0x00000000c5900000, 0x00000000c5900000, 0x00000000c5a00000|  0%| F|  |TAMS 0x00000000c5900000, 0x00000000c5900000| Untracked 
|  70|0x00000000c5a00000, 0x00000000c5b00000, 0x00000000c5b00000|100%| O|  |TAMS 0x00000000c5b00000, 0x00000000c5a00000| Untracked 
|  71|0x00000000c5b00000, 0x00000000c5b00000, 0x00000000c5c00000|  0%| F|  |TAMS 0x00000000c5b00000, 0x00000000c5b00000| Untracked 
|  72|0x00000000c5c00000, 0x00000000c5c00000, 0x00000000c5d00000|  0%| F|  |TAMS 0x00000000c5c00000, 0x00000000c5c00000| Untracked 
|  73|0x00000000c5d00000, 0x00000000c5d00000, 0x00000000c5e00000|  0%| F|  |TAMS 0x00000000c5d00000, 0x00000000c5d00000| Untracked 
|  74|0x00000000c5e00000, 0x00000000c5e00000, 0x00000000c5f00000|  0%| F|  |TAMS 0x00000000c5e00000, 0x00000000c5e00000| Untracked 
|  75|0x00000000c5f00000, 0x00000000c5f00000, 0x00000000c6000000|  0%| F|  |TAMS 0x00000000c5f00000, 0x00000000c5f00000| Untracked 
|  76|0x00000000c6000000, 0x00000000c6000000, 0x00000000c6100000|  0%| F|  |TAMS 0x00000000c6000000, 0x00000000c6000000| Untracked 
|  77|0x00000000c6100000, 0x00000000c6100000, 0x00000000c6200000|  0%| F|  |TAMS 0x00000000c6100000, 0x00000000c6100000| Untracked 
|  78|0x00000000c6200000, 0x00000000c6200000, 0x00000000c6300000|  0%| F|  |TAMS 0x00000000c6200000, 0x00000000c6200000| Untracked 
|  79|0x00000000c6300000, 0x00000000c6300000, 0x00000000c6400000|  0%| F|  |TAMS 0x00000000c6300000, 0x00000000c6300000| Untracked 
|  80|0x00000000c6400000, 0x00000000c6400000, 0x00000000c6500000|  0%| F|  |TAMS 0x00000000c6400000, 0x00000000c6400000| Untracked 
|  81|0x00000000c6500000, 0x00000000c6500000, 0x00000000c6600000|  0%| F|  |TAMS 0x00000000c6500000, 0x00000000c6500000| Untracked 
|  82|0x00000000c6600000, 0x00000000c6600000, 0x00000000c6700000|  0%| F|  |TAMS 0x00000000c6600000, 0x00000000c6600000| Untracked 
|  83|0x00000000c6700000, 0x00000000c6700000, 0x00000000c6800000|  0%| F|  |TAMS 0x00000000c6700000, 0x00000000c6700000| Untracked 
|  84|0x00000000c6800000, 0x00000000c6800000, 0x00000000c6900000|  0%| F|  |TAMS 0x00000000c6800000, 0x00000000c6800000| Untracked 
|  85|0x00000000c6900000, 0x00000000c6900000, 0x00000000c6a00000|  0%| F|  |TAMS 0x00000000c6900000, 0x00000000c6900000| Untracked 
|  86|0x00000000c6a00000, 0x00000000c6b00000, 0x00000000c6b00000|100%| O|  |TAMS 0x00000000c6ab5e00, 0x00000000c6a00000| Untracked 
|  87|0x00000000c6b00000, 0x00000000c6c00000, 0x00000000c6c00000|100%| O|  |TAMS 0x00000000c6b00000, 0x00000000c6b00000| Untracked 
|  88|0x00000000c6c00000, 0x00000000c6d00000, 0x00000000c6d00000|100%| O|  |TAMS 0x00000000c6c00000, 0x00000000c6c00000| Untracked 
|  89|0x00000000c6d00000, 0x00000000c6e00000, 0x00000000c6e00000|100%| O|  |TAMS 0x00000000c6d00000, 0x00000000c6d00000| Untracked 
|  90|0x00000000c6e00000, 0x00000000c6e00000, 0x00000000c6f00000|  0%| F|  |TAMS 0x00000000c6e00000, 0x00000000c6e00000| Untracked 
|  91|0x00000000c6f00000, 0x00000000c6f00000, 0x00000000c7000000|  0%| F|  |TAMS 0x00000000c6f00000, 0x00000000c6f00000| Untracked 
|  92|0x00000000c7000000, 0x00000000c7000000, 0x00000000c7100000|  0%| F|  |TAMS 0x00000000c7000000, 0x00000000c7000000| Untracked 
|  93|0x00000000c7100000, 0x00000000c7100000, 0x00000000c7200000|  0%| F|  |TAMS 0x00000000c7100000, 0x00000000c7100000| Untracked 
|  94|0x00000000c7200000, 0x00000000c7200000, 0x00000000c7300000|  0%| F|  |TAMS 0x00000000c7200000, 0x00000000c7200000| Untracked 
|  95|0x00000000c7300000, 0x00000000c7300000, 0x00000000c7400000|  0%| F|  |TAMS 0x00000000c7300000, 0x00000000c7300000| Untracked 
|  96|0x00000000c7400000, 0x00000000c7481cc0, 0x00000000c7500000| 50%| S|CS|TAMS 0x00000000c7400000, 0x00000000c7400000| Complete 
|  97|0x00000000c7500000, 0x00000000c7600000, 0x00000000c7600000|100%| S|CS|TAMS 0x00000000c7500000, 0x00000000c7500000| Complete 
|  98|0x00000000c7600000, 0x00000000c7700000, 0x00000000c7700000|100%| S|CS|TAMS 0x00000000c7600000, 0x00000000c7600000| Complete 
|  99|0x00000000c7700000, 0x00000000c7800000, 0x00000000c7800000|100%| S|CS|TAMS 0x00000000c7700000, 0x00000000c7700000| Complete 
| 100|0x00000000c7800000, 0x00000000c7900000, 0x00000000c7900000|100%| S|CS|TAMS 0x00000000c7800000, 0x00000000c7800000| Complete 
| 101|0x00000000c7900000, 0x00000000c7a00000, 0x00000000c7a00000|100%| S|CS|TAMS 0x00000000c7900000, 0x00000000c7900000| Complete 
| 102|0x00000000c7a00000, 0x00000000c7b00000, 0x00000000c7b00000|100%| S|CS|TAMS 0x00000000c7a00000, 0x00000000c7a00000| Complete 
| 103|0x00000000c7b00000, 0x00000000c7b00000, 0x00000000c7c00000|  0%| F|  |TAMS 0x00000000c7b00000, 0x00000000c7b00000| Untracked 
| 104|0x00000000c7c00000, 0x00000000c7c00000, 0x00000000c7d00000|  0%| F|  |TAMS 0x00000000c7c00000, 0x00000000c7c00000| Untracked 
| 105|0x00000000c7d00000, 0x00000000c7d00000, 0x00000000c7e00000|  0%| F|  |TAMS 0x00000000c7d00000, 0x00000000c7d00000| Untracked 
| 106|0x00000000c7e00000, 0x00000000c7e00000, 0x00000000c7f00000|  0%| F|  |TAMS 0x00000000c7e00000, 0x00000000c7e00000| Untracked 
| 107|0x00000000c7f00000, 0x00000000c7f00000, 0x00000000c8000000|  0%| F|  |TAMS 0x00000000c7f00000, 0x00000000c7f00000| Untracked 
| 108|0x00000000c8000000, 0x00000000c8000000, 0x00000000c8100000|  0%| F|  |TAMS 0x00000000c8000000, 0x00000000c8000000| Untracked 
| 109|0x00000000c8100000, 0x00000000c8100000, 0x00000000c8200000|  0%| F|  |TAMS 0x00000000c8100000, 0x00000000c8100000| Untracked 
| 110|0x00000000c8200000, 0x00000000c8200000, 0x00000000c8300000|  0%| F|  |TAMS 0x00000000c8200000, 0x00000000c8200000| Untracked 
| 111|0x00000000c8300000, 0x00000000c8300000, 0x00000000c8400000|  0%| F|  |TAMS 0x00000000c8300000, 0x00000000c8300000| Untracked 
| 112|0x00000000c8400000, 0x00000000c8400000, 0x00000000c8500000|  0%| F|  |TAMS 0x00000000c8400000, 0x00000000c8400000| Untracked 
| 113|0x00000000c8500000, 0x00000000c8500000, 0x00000000c8600000|  0%| F|  |TAMS 0x00000000c8500000, 0x00000000c8500000| Untracked 
| 114|0x00000000c8600000, 0x00000000c8600000, 0x00000000c8700000|  0%| F|  |TAMS 0x00000000c8600000, 0x00000000c8600000| Untracked 
| 115|0x00000000c8700000, 0x00000000c8700000, 0x00000000c8800000|  0%| F|  |TAMS 0x00000000c8700000, 0x00000000c8700000| Untracked 
| 116|0x00000000c8800000, 0x00000000c8800000, 0x00000000c8900000|  0%| F|  |TAMS 0x00000000c8800000, 0x00000000c8800000| Untracked 
| 117|0x00000000c8900000, 0x00000000c8900000, 0x00000000c8a00000|  0%| F|  |TAMS 0x00000000c8900000, 0x00000000c8900000| Untracked 
| 118|0x00000000c8a00000, 0x00000000c8a00000, 0x00000000c8b00000|  0%| F|  |TAMS 0x00000000c8a00000, 0x00000000c8a00000| Untracked 
| 119|0x00000000c8b00000, 0x00000000c8b00000, 0x00000000c8c00000|  0%| F|  |TAMS 0x00000000c8b00000, 0x00000000c8b00000| Untracked 
| 120|0x00000000c8c00000, 0x00000000c8c00000, 0x00000000c8d00000|  0%| F|  |TAMS 0x00000000c8c00000, 0x00000000c8c00000| Untracked 
| 121|0x00000000c8d00000, 0x00000000c8d00000, 0x00000000c8e00000|  0%| F|  |TAMS 0x00000000c8d00000, 0x00000000c8d00000| Untracked 
| 122|0x00000000c8e00000, 0x00000000c8e00000, 0x00000000c8f00000|  0%| F|  |TAMS 0x00000000c8e00000, 0x00000000c8e00000| Untracked 
| 123|0x00000000c8f00000, 0x00000000c8f00000, 0x00000000c9000000|  0%| F|  |TAMS 0x00000000c8f00000, 0x00000000c8f00000| Untracked 
| 124|0x00000000c9000000, 0x00000000c9000000, 0x00000000c9100000|  0%| F|  |TAMS 0x00000000c9000000, 0x00000000c9000000| Untracked 
| 125|0x00000000c9100000, 0x00000000c9100000, 0x00000000c9200000|  0%| F|  |TAMS 0x00000000c9100000, 0x00000000c9100000| Untracked 
| 126|0x00000000c9200000, 0x00000000c9200000, 0x00000000c9300000|  0%| F|  |TAMS 0x00000000c9200000, 0x00000000c9200000| Untracked 
| 127|0x00000000c9300000, 0x00000000c9300000, 0x00000000c9400000|  0%| F|  |TAMS 0x00000000c9300000, 0x00000000c9300000| Untracked 
| 128|0x00000000c9400000, 0x00000000c9400000, 0x00000000c9500000|  0%| F|  |TAMS 0x00000000c9400000, 0x00000000c9400000| Untracked 
| 129|0x00000000c9500000, 0x00000000c9500000, 0x00000000c9600000|  0%| F|  |TAMS 0x00000000c9500000, 0x00000000c9500000| Untracked 
| 130|0x00000000c9600000, 0x00000000c9600000, 0x00000000c9700000|  0%| F|  |TAMS 0x00000000c9600000, 0x00000000c9600000| Untracked 
| 131|0x00000000c9700000, 0x00000000c9700000, 0x00000000c9800000|  0%| F|  |TAMS 0x00000000c9700000, 0x00000000c9700000| Untracked 
| 132|0x00000000c9800000, 0x00000000c9800000, 0x00000000c9900000|  0%| F|  |TAMS 0x00000000c9800000, 0x00000000c9800000| Untracked 
| 133|0x00000000c9900000, 0x00000000c9900000, 0x00000000c9a00000|  0%| F|  |TAMS 0x00000000c9900000, 0x00000000c9900000| Untracked 
| 134|0x00000000c9a00000, 0x00000000c9a00000, 0x00000000c9b00000|  0%| F|  |TAMS 0x00000000c9a00000, 0x00000000c9a00000| Untracked 
| 135|0x00000000c9b00000, 0x00000000c9b00000, 0x00000000c9c00000|  0%| F|  |TAMS 0x00000000c9b00000, 0x00000000c9b00000| Untracked 
| 136|0x00000000c9c00000, 0x00000000c9c00000, 0x00000000c9d00000|  0%| F|  |TAMS 0x00000000c9c00000, 0x00000000c9c00000| Untracked 
| 137|0x00000000c9d00000, 0x00000000c9d00000, 0x00000000c9e00000|  0%| F|  |TAMS 0x00000000c9d00000, 0x00000000c9d00000| Untracked 
| 138|0x00000000c9e00000, 0x00000000c9e00000, 0x00000000c9f00000|  0%| F|  |TAMS 0x00000000c9e00000, 0x00000000c9e00000| Untracked 
| 139|0x00000000c9f00000, 0x00000000c9f00000, 0x00000000ca000000|  0%| F|  |TAMS 0x00000000c9f00000, 0x00000000c9f00000| Untracked 
| 140|0x00000000ca000000, 0x00000000ca000000, 0x00000000ca100000|  0%| F|  |TAMS 0x00000000ca000000, 0x00000000ca000000| Untracked 
| 141|0x00000000ca100000, 0x00000000ca100000, 0x00000000ca200000|  0%| F|  |TAMS 0x00000000ca100000, 0x00000000ca100000| Untracked 
| 142|0x00000000ca200000, 0x00000000ca200000, 0x00000000ca300000|  0%| F|  |TAMS 0x00000000ca200000, 0x00000000ca200000| Untracked 
| 143|0x00000000ca300000, 0x00000000ca300000, 0x00000000ca400000|  0%| F|  |TAMS 0x00000000ca300000, 0x00000000ca300000| Untracked 
| 144|0x00000000ca400000, 0x00000000ca400000, 0x00000000ca500000|  0%| F|  |TAMS 0x00000000ca400000, 0x00000000ca400000| Untracked 
| 145|0x00000000ca500000, 0x00000000ca500000, 0x00000000ca600000|  0%| F|  |TAMS 0x00000000ca500000, 0x00000000ca500000| Untracked 
| 146|0x00000000ca600000, 0x00000000ca600000, 0x00000000ca700000|  0%| F|  |TAMS 0x00000000ca600000, 0x00000000ca600000| Untracked 
| 147|0x00000000ca700000, 0x00000000ca700000, 0x00000000ca800000|  0%| F|  |TAMS 0x00000000ca700000, 0x00000000ca700000| Untracked 
| 148|0x00000000ca800000, 0x00000000ca800000, 0x00000000ca900000|  0%| F|  |TAMS 0x00000000ca800000, 0x00000000ca800000| Untracked 
| 149|0x00000000ca900000, 0x00000000ca900000, 0x00000000caa00000|  0%| F|  |TAMS 0x00000000ca900000, 0x00000000ca900000| Untracked 
| 150|0x00000000caa00000, 0x00000000caa00000, 0x00000000cab00000|  0%| F|  |TAMS 0x00000000caa00000, 0x00000000caa00000| Untracked 
| 151|0x00000000cab00000, 0x00000000cab00000, 0x00000000cac00000|  0%| F|  |TAMS 0x00000000cab00000, 0x00000000cab00000| Untracked 
| 152|0x00000000cac00000, 0x00000000cac00000, 0x00000000cad00000|  0%| F|  |TAMS 0x00000000cac00000, 0x00000000cac00000| Untracked 
| 153|0x00000000cad00000, 0x00000000cad00000, 0x00000000cae00000|  0%| F|  |TAMS 0x00000000cad00000, 0x00000000cad00000| Untracked 
| 154|0x00000000cae00000, 0x00000000cae00000, 0x00000000caf00000|  0%| F|  |TAMS 0x00000000cae00000, 0x00000000cae00000| Untracked 
| 155|0x00000000caf00000, 0x00000000caf00000, 0x00000000cb000000|  0%| F|  |TAMS 0x00000000caf00000, 0x00000000caf00000| Untracked 
| 156|0x00000000cb000000, 0x00000000cb000000, 0x00000000cb100000|  0%| F|  |TAMS 0x00000000cb000000, 0x00000000cb000000| Untracked 
| 157|0x00000000cb100000, 0x00000000cb100000, 0x00000000cb200000|  0%| F|  |TAMS 0x00000000cb100000, 0x00000000cb100000| Untracked 
| 158|0x00000000cb200000, 0x00000000cb200000, 0x00000000cb300000|  0%| F|  |TAMS 0x00000000cb200000, 0x00000000cb200000| Untracked 
| 159|0x00000000cb300000, 0x00000000cb300000, 0x00000000cb400000|  0%| F|  |TAMS 0x00000000cb300000, 0x00000000cb300000| Untracked 
| 160|0x00000000cb400000, 0x00000000cb400000, 0x00000000cb500000|  0%| F|  |TAMS 0x00000000cb400000, 0x00000000cb400000| Untracked 
| 161|0x00000000cb500000, 0x00000000cb500000, 0x00000000cb600000|  0%| F|  |TAMS 0x00000000cb500000, 0x00000000cb500000| Untracked 
| 162|0x00000000cb600000, 0x00000000cb600000, 0x00000000cb700000|  0%| F|  |TAMS 0x00000000cb600000, 0x00000000cb600000| Untracked 
| 163|0x00000000cb700000, 0x00000000cb700000, 0x00000000cb800000|  0%| F|  |TAMS 0x00000000cb700000, 0x00000000cb700000| Untracked 
| 164|0x00000000cb800000, 0x00000000cb800000, 0x00000000cb900000|  0%| F|  |TAMS 0x00000000cb800000, 0x00000000cb800000| Untracked 
| 165|0x00000000cb900000, 0x00000000cb900000, 0x00000000cba00000|  0%| F|  |TAMS 0x00000000cb900000, 0x00000000cb900000| Untracked 
| 166|0x00000000cba00000, 0x00000000cba00000, 0x00000000cbb00000|  0%| F|  |TAMS 0x00000000cba00000, 0x00000000cba00000| Untracked 
| 167|0x00000000cbb00000, 0x00000000cbb00000, 0x00000000cbc00000|  0%| F|  |TAMS 0x00000000cbb00000, 0x00000000cbb00000| Untracked 
| 168|0x00000000cbc00000, 0x00000000cbc00000, 0x00000000cbd00000|  0%| F|  |TAMS 0x00000000cbc00000, 0x00000000cbc00000| Untracked 
| 169|0x00000000cbd00000, 0x00000000cbd00000, 0x00000000cbe00000|  0%| F|  |TAMS 0x00000000cbd00000, 0x00000000cbd00000| Untracked 
| 170|0x00000000cbe00000, 0x00000000cbe00000, 0x00000000cbf00000|  0%| F|  |TAMS 0x00000000cbe00000, 0x00000000cbe00000| Untracked 
| 171|0x00000000cbf00000, 0x00000000cbf00000, 0x00000000cc000000|  0%| F|  |TAMS 0x00000000cbf00000, 0x00000000cbf00000| Untracked 
| 172|0x00000000cc000000, 0x00000000cc000000, 0x00000000cc100000|  0%| F|  |TAMS 0x00000000cc000000, 0x00000000cc000000| Untracked 
| 173|0x00000000cc100000, 0x00000000cc100000, 0x00000000cc200000|  0%| F|  |TAMS 0x00000000cc100000, 0x00000000cc100000| Untracked 
| 174|0x00000000cc200000, 0x00000000cc200000, 0x00000000cc300000|  0%| F|  |TAMS 0x00000000cc200000, 0x00000000cc200000| Untracked 
| 175|0x00000000cc300000, 0x00000000cc300000, 0x00000000cc400000|  0%| F|  |TAMS 0x00000000cc300000, 0x00000000cc300000| Untracked 
| 176|0x00000000cc400000, 0x00000000cc400000, 0x00000000cc500000|  0%| F|  |TAMS 0x00000000cc400000, 0x00000000cc400000| Untracked 
| 177|0x00000000cc500000, 0x00000000cc500000, 0x00000000cc600000|  0%| F|  |TAMS 0x00000000cc500000, 0x00000000cc500000| Untracked 
| 178|0x00000000cc600000, 0x00000000cc600000, 0x00000000cc700000|  0%| F|  |TAMS 0x00000000cc600000, 0x00000000cc600000| Untracked 
| 179|0x00000000cc700000, 0x00000000cc700000, 0x00000000cc800000|  0%| F|  |TAMS 0x00000000cc700000, 0x00000000cc700000| Untracked 
| 180|0x00000000cc800000, 0x00000000cc800000, 0x00000000cc900000|  0%| F|  |TAMS 0x00000000cc800000, 0x00000000cc800000| Untracked 
| 181|0x00000000cc900000, 0x00000000cc900000, 0x00000000cca00000|  0%| F|  |TAMS 0x00000000cc900000, 0x00000000cc900000| Untracked 
| 182|0x00000000cca00000, 0x00000000cca00000, 0x00000000ccb00000|  0%| F|  |TAMS 0x00000000cca00000, 0x00000000cca00000| Untracked 
| 183|0x00000000ccb00000, 0x00000000ccb00000, 0x00000000ccc00000|  0%| F|  |TAMS 0x00000000ccb00000, 0x00000000ccb00000| Untracked 
| 184|0x00000000ccc00000, 0x00000000ccc00000, 0x00000000ccd00000|  0%| F|  |TAMS 0x00000000ccc00000, 0x00000000ccc00000| Untracked 
| 185|0x00000000ccd00000, 0x00000000ccd00000, 0x00000000cce00000|  0%| F|  |TAMS 0x00000000ccd00000, 0x00000000ccd00000| Untracked 
| 186|0x00000000cce00000, 0x00000000cce00000, 0x00000000ccf00000|  0%| F|  |TAMS 0x00000000cce00000, 0x00000000cce00000| Untracked 
| 187|0x00000000ccf00000, 0x00000000ccf00000, 0x00000000cd000000|  0%| F|  |TAMS 0x00000000ccf00000, 0x00000000ccf00000| Untracked 
| 188|0x00000000cd000000, 0x00000000cd000000, 0x00000000cd100000|  0%| F|  |TAMS 0x00000000cd000000, 0x00000000cd000000| Untracked 
| 189|0x00000000cd100000, 0x00000000cd100000, 0x00000000cd200000|  0%| F|  |TAMS 0x00000000cd100000, 0x00000000cd100000| Untracked 
| 190|0x00000000cd200000, 0x00000000cd200000, 0x00000000cd300000|  0%| F|  |TAMS 0x00000000cd200000, 0x00000000cd200000| Untracked 
| 191|0x00000000cd300000, 0x00000000cd300000, 0x00000000cd400000|  0%| F|  |TAMS 0x00000000cd300000, 0x00000000cd300000| Untracked 
| 192|0x00000000cd400000, 0x00000000cd400000, 0x00000000cd500000|  0%| F|  |TAMS 0x00000000cd400000, 0x00000000cd400000| Untracked 
| 193|0x00000000cd500000, 0x00000000cd500000, 0x00000000cd600000|  0%| F|  |TAMS 0x00000000cd500000, 0x00000000cd500000| Untracked 
| 194|0x00000000cd600000, 0x00000000cd600000, 0x00000000cd700000|  0%| F|  |TAMS 0x00000000cd600000, 0x00000000cd600000| Untracked 
| 195|0x00000000cd700000, 0x00000000cd700000, 0x00000000cd800000|  0%| F|  |TAMS 0x00000000cd700000, 0x00000000cd700000| Untracked 
| 196|0x00000000cd800000, 0x00000000cd800000, 0x00000000cd900000|  0%| F|  |TAMS 0x00000000cd800000, 0x00000000cd800000| Untracked 
| 197|0x00000000cd900000, 0x00000000cd900000, 0x00000000cda00000|  0%| F|  |TAMS 0x00000000cd900000, 0x00000000cd900000| Untracked 
| 198|0x00000000cda00000, 0x00000000cda00000, 0x00000000cdb00000|  0%| F|  |TAMS 0x00000000cda00000, 0x00000000cda00000| Untracked 
| 199|0x00000000cdb00000, 0x00000000cdb00000, 0x00000000cdc00000|  0%| F|  |TAMS 0x00000000cdb00000, 0x00000000cdb00000| Untracked 
| 200|0x00000000cdc00000, 0x00000000cdc00000, 0x00000000cdd00000|  0%| F|  |TAMS 0x00000000cdc00000, 0x00000000cdc00000| Untracked 
| 201|0x00000000cdd00000, 0x00000000cdd00000, 0x00000000cde00000|  0%| F|  |TAMS 0x00000000cdd00000, 0x00000000cdd00000| Untracked 
| 202|0x00000000cde00000, 0x00000000cde00000, 0x00000000cdf00000|  0%| F|  |TAMS 0x00000000cde00000, 0x00000000cde00000| Untracked 
| 203|0x00000000cdf00000, 0x00000000cdf00000, 0x00000000ce000000|  0%| F|  |TAMS 0x00000000cdf00000, 0x00000000cdf00000| Untracked 
| 204|0x00000000ce000000, 0x00000000ce000000, 0x00000000ce100000|  0%| F|  |TAMS 0x00000000ce000000, 0x00000000ce000000| Untracked 
| 205|0x00000000ce100000, 0x00000000ce100000, 0x00000000ce200000|  0%| F|  |TAMS 0x00000000ce100000, 0x00000000ce100000| Untracked 
| 206|0x00000000ce200000, 0x00000000ce200000, 0x00000000ce300000|  0%| F|  |TAMS 0x00000000ce200000, 0x00000000ce200000| Untracked 
| 207|0x00000000ce300000, 0x00000000ce300000, 0x00000000ce400000|  0%| F|  |TAMS 0x00000000ce300000, 0x00000000ce300000| Untracked 
| 208|0x00000000ce400000, 0x00000000ce400000, 0x00000000ce500000|  0%| F|  |TAMS 0x00000000ce400000, 0x00000000ce400000| Untracked 
| 209|0x00000000ce500000, 0x00000000ce500000, 0x00000000ce600000|  0%| F|  |TAMS 0x00000000ce500000, 0x00000000ce500000| Untracked 
| 210|0x00000000ce600000, 0x00000000ce600000, 0x00000000ce700000|  0%| F|  |TAMS 0x00000000ce600000, 0x00000000ce600000| Untracked 
| 211|0x00000000ce700000, 0x00000000ce700000, 0x00000000ce800000|  0%| F|  |TAMS 0x00000000ce700000, 0x00000000ce700000| Untracked 
| 212|0x00000000ce800000, 0x00000000ce800000, 0x00000000ce900000|  0%| F|  |TAMS 0x00000000ce800000, 0x00000000ce800000| Untracked 
| 213|0x00000000ce900000, 0x00000000ce900000, 0x00000000cea00000|  0%| F|  |TAMS 0x00000000ce900000, 0x00000000ce900000| Untracked 
| 214|0x00000000cea00000, 0x00000000cea00000, 0x00000000ceb00000|  0%| F|  |TAMS 0x00000000cea00000, 0x00000000cea00000| Untracked 
| 215|0x00000000ceb00000, 0x00000000ceb00000, 0x00000000cec00000|  0%| F|  |TAMS 0x00000000ceb00000, 0x00000000ceb00000| Untracked 
| 216|0x00000000cec00000, 0x00000000cec00000, 0x00000000ced00000|  0%| F|  |TAMS 0x00000000cec00000, 0x00000000cec00000| Untracked 
| 217|0x00000000ced00000, 0x00000000ced00000, 0x00000000cee00000|  0%| F|  |TAMS 0x00000000ced00000, 0x00000000ced00000| Untracked 
| 218|0x00000000cee00000, 0x00000000cee00000, 0x00000000cef00000|  0%| F|  |TAMS 0x00000000cee00000, 0x00000000cee00000| Untracked 
| 219|0x00000000cef00000, 0x00000000cef00000, 0x00000000cf000000|  0%| F|  |TAMS 0x00000000cef00000, 0x00000000cef00000| Untracked 
| 220|0x00000000cf000000, 0x00000000cf000000, 0x00000000cf100000|  0%| F|  |TAMS 0x00000000cf000000, 0x00000000cf000000| Untracked 
| 221|0x00000000cf100000, 0x00000000cf100000, 0x00000000cf200000|  0%| F|  |TAMS 0x00000000cf100000, 0x00000000cf100000| Untracked 

Card table byte_map: [0x0000026883420000,0x0000026883620000] _byte_map_base: 0x0000026882e16000

Marking Bits (Prev, Next): (CMBitMap*) 0x00000268faeb03a0, (CMBitMap*) 0x00000268faeb0360
 Prev Bits: [0x00000268847d0000, 0x0000026885780000)
 Next Bits: [0x0000026883820000, 0x00000268847d0000)

Polling page: 0x00000268faf40000

Metaspace:

Usage:
  Non-class:     60.23 MB used.
      Class:      9.38 MB used.
       Both:     69.62 MB used.

Virtual space:
  Non-class space:       64.00 MB reserved,      60.50 MB ( 95%) committed,  8 nodes.
      Class space:        1.00 GB reserved,       9.62 MB ( <1%) committed,  1 nodes.
             Both:        1.06 GB reserved,      70.12 MB (  6%) committed. 

Chunk freelists:
   Non-Class:  2.70 MB
       Class:  2.31 MB
        Both:  5.01 MB

MaxMetaspaceSize: unlimited
CompressedClassSpaceSize: 1.00 GB
Initial GC threshold: 21.00 MB
Current GC threshold: 116.69 MB
CDS: off
MetaspaceReclaimPolicy: balanced
 - commit_granule_bytes: 65536.
 - commit_granule_words: 8192.
 - virtual_space_node_default_size: 1048576.
 - enlarge_chunks_in_place: 1.
 - new_chunks_are_fully_committed: 0.
 - uncommit_free_chunks: 1.
 - use_allocation_guard: 0.
 - handle_deallocations: 1.


Internal statistics:

num_allocs_failed_limit: 8.
num_arena_births: 782.
num_arena_deaths: 176.
num_vsnodes_births: 9.
num_vsnodes_deaths: 0.
num_space_committed: 1122.
num_space_uncommitted: 0.
num_chunks_returned_to_freelist: 237.
num_chunks_taken_from_freelist: 3243.
num_chunk_merges: 67.
num_chunk_splits: 2142.
num_chunks_enlarged: 1568.
num_purges: 10.
num_inconsistent_stats: 0.

CodeCache: size=49152Kb used=13430Kb max_used=13863Kb free=35721Kb
 bounds [0x0000026880000000, 0x0000026880d90000, 0x0000026883000000]
 total_blobs=7650 nmethods=6773 adapters=804
 compilation: enabled
              stopped_count=0, restarted_count=0
 full_count=0

Compilation events (20 events):
Event: 123.317 Thread 0x0000026887d7d830 6762       1       org.codehaus.groovy.runtime.DefaultGroovyMethods::each (13 bytes)
Event: 123.317 Thread 0x0000026887d7d830 nmethod 6762 0x0000026880c2ea90 code [0x0000026880c2ec60, 0x0000026880c2edd8]
Event: 123.340 Thread 0x0000026887d7d830 6764   !   1       sun.nio.ch.NioSocketImpl::configureNonBlocking (63 bytes)
Event: 123.344 Thread 0x0000026887d7d830 nmethod 6764 0x0000026880c2e290 code [0x0000026880c2e460, 0x0000026880c2e7c8]
Event: 125.639 Thread 0x0000026887d7d830 6765   !   1       nz.net.ultraq.thymeleaf.models.ModelMerger$merge::call (43 bytes)
Event: 125.653 Thread 0x0000026887d7d830 nmethod 6765 0x0000026880c2db10 code [0x0000026880c2dd00, 0x0000026880c2e038]
Event: 128.428 Thread 0x0000026887d7d830 6766       1       java.util.concurrent.locks.ReentrantReadWriteLock::readLock (5 bytes)
Event: 128.510 Thread 0x0000026887d7d830 nmethod 6766 0x0000026880c2d810 code [0x0000026880c2d9a0, 0x0000026880c2da78]
Event: 129.213 Thread 0x0000026887d7d830 6767       1       java.io.FileInputStream::<init> (107 bytes)
Event: 129.362 Thread 0x0000026887d7d830 nmethod 6767 0x0000026880c2cb10 code [0x0000026880c2cd20, 0x0000026880c2d208]
Event: 130.242 Thread 0x0000026887d7d830 6770       1       java.util.concurrent.locks.LockSupport::setCurrentBlocker (14 bytes)
Event: 130.251 Thread 0x0000026887d7d830 nmethod 6770 0x0000026880c2c810 code [0x0000026880c2c9a0, 0x0000026880c2cab8]
Event: 132.243 Thread 0x0000026887d7d830 6771       1       java.util.concurrent.locks.AbstractQueuedSynchronizer$ConditionObject::signal (34 bytes)
Event: 132.249 Thread 0x0000026887d7d830 nmethod 6771 0x0000026880c2c390 code [0x0000026880c2c540, 0x0000026880c2c708]
Event: 133.089 Thread 0x0000026887d7d830 6772       1       org.attoparser.config.ParseConfiguration::getPrologParseConfiguration (5 bytes)
Event: 133.090 Thread 0x0000026887d7d830 nmethod 6772 0x0000026880c2c090 code [0x0000026880c2c220, 0x0000026880c2c2f8]
Event: 133.136 Thread 0x0000026887d7d830 6773   !   1       jdk.internal.reflect.GeneratedMethodAccessor96::invoke (65 bytes)
Event: 133.140 Thread 0x0000026887d7d830 nmethod 6773 0x0000026880c2b690 code [0x0000026880c2b8a0, 0x0000026880c2bce8]
Event: 133.140 Thread 0x0000026887d7d830 6774   !   1       jdk.internal.reflect.GeneratedMethodAccessor94::invoke (139 bytes)
Event: 133.145 Thread 0x0000026887d7d830 nmethod 6774 0x0000026880c2a990 code [0x0000026880c2aba0, 0x0000026880c2b228]

GC Heap History (20 events):
Event: 123.604 GC heap after
{Heap after GC invocations=121 (full 0):
 garbage-first heap   total 222208K, used 63870K [0x00000000c1400000, 0x0000000100000000)
  region size 1024K, 1 young (1024K), 1 survivors (1024K)
 Metaspace       used 71285K, committed 71808K, reserved 1114112K
  class space    used 9608K, committed 9856K, reserved 1048576K
}
Event: 124.608 GC heap before
{Heap before GC invocations=121 (full 0):
 garbage-first heap   total 222208K, used 182654K [0x00000000c1400000, 0x0000000100000000)
  region size 1024K, 117 young (119808K), 1 survivors (1024K)
 Metaspace       used 71285K, committed 71808K, reserved 1114112K
  class space    used 9608K, committed 9856K, reserved 1048576K
}
Event: 124.616 GC heap after
{Heap after GC invocations=122 (full 0):
 garbage-first heap   total 222208K, used 71305K [0x00000000c1400000, 0x0000000100000000)
  region size 1024K, 8 young (8192K), 8 survivors (8192K)
 Metaspace       used 71285K, committed 71808K, reserved 1114112K
  class space    used 9608K, committed 9856K, reserved 1048576K
}
Event: 125.822 GC heap before
{Heap before GC invocations=122 (full 0):
 garbage-first heap   total 222208K, used 182921K [0x00000000c1400000, 0x0000000100000000)
  region size 1024K, 117 young (119808K), 8 survivors (8192K)
 Metaspace       used 71285K, committed 71808K, reserved 1114112K
  class space    used 9608K, committed 9856K, reserved 1048576K
}
Event: 125.844 GC heap after
{Heap after GC invocations=123 (full 0):
 garbage-first heap   total 222208K, used 75626K [0x00000000c1400000, 0x0000000100000000)
  region size 1024K, 12 young (12288K), 12 survivors (12288K)
 Metaspace       used 71285K, committed 71808K, reserved 1114112K
  class space    used 9608K, committed 9856K, reserved 1048576K
}
Event: 127.105 GC heap before
{Heap before GC invocations=123 (full 0):
 garbage-first heap   total 222208K, used 183146K [0x00000000c1400000, 0x0000000100000000)
  region size 1024K, 117 young (119808K), 12 survivors (12288K)
 Metaspace       used 71285K, committed 71808K, reserved 1114112K
  class space    used 9608K, committed 9856K, reserved 1048576K
}
Event: 127.166 GC heap after
{Heap after GC invocations=124 (full 0):
 garbage-first heap   total 222208K, used 81787K [0x00000000c1400000, 0x0000000100000000)
  region size 1024K, 11 young (11264K), 11 survivors (11264K)
 Metaspace       used 71285K, committed 71808K, reserved 1114112K
  class space    used 9608K, committed 9856K, reserved 1048576K
}
Event: 128.432 GC heap before
{Heap before GC invocations=124 (full 0):
 garbage-first heap   total 222208K, used 184187K [0x00000000c1400000, 0x0000000100000000)
  region size 1024K, 111 young (113664K), 11 survivors (11264K)
 Metaspace       used 71285K, committed 71808K, reserved 1114112K
  class space    used 9608K, committed 9856K, reserved 1048576K
}
Event: 128.480 GC heap after
{Heap after GC invocations=125 (full 0):
 garbage-first heap   total 222208K, used 88833K [0x00000000c1400000, 0x0000000100000000)
  region size 1024K, 13 young (13312K), 13 survivors (13312K)
 Metaspace       used 71285K, committed 71808K, reserved 1114112K
  class space    used 9608K, committed 9856K, reserved 1048576K
}
Event: 130.009 GC heap before
{Heap before GC invocations=125 (full 0):
 garbage-first heap   total 222208K, used 185089K [0x00000000c1400000, 0x0000000100000000)
  region size 1024K, 107 young (109568K), 13 survivors (13312K)
 Metaspace       used 71285K, committed 71808K, reserved 1114112K
  class space    used 9608K, committed 9856K, reserved 1048576K
}
Event: 130.049 GC heap after
{Heap after GC invocations=126 (full 0):
 garbage-first heap   total 222208K, used 91426K [0x00000000c1400000, 0x0000000100000000)
  region size 1024K, 10 young (10240K), 10 survivors (10240K)
 Metaspace       used 71285K, committed 71808K, reserved 1114112K
  class space    used 9608K, committed 9856K, reserved 1048576K
}
Event: 130.782 GC heap before
{Heap before GC invocations=126 (full 0):
 garbage-first heap   total 222208K, used 185634K [0x00000000c1400000, 0x0000000100000000)
  region size 1024K, 102 young (104448K), 10 survivors (10240K)
 Metaspace       used 71285K, committed 71808K, reserved 1114112K
  class space    used 9608K, committed 9856K, reserved 1048576K
}
Event: 130.801 GC heap after
{Heap after GC invocations=127 (full 0):
 garbage-first heap   total 222208K, used 96877K [0x00000000c1400000, 0x0000000100000000)
  region size 1024K, 8 young (8192K), 8 survivors (8192K)
 Metaspace       used 71285K, committed 71808K, reserved 1114112K
  class space    used 9608K, committed 9856K, reserved 1048576K
}
Event: 131.895 GC heap before
{Heap before GC invocations=127 (full 0):
 garbage-first heap   total 222208K, used 185965K [0x00000000c1400000, 0x0000000100000000)
  region size 1024K, 95 young (97280K), 8 survivors (8192K)
 Metaspace       used 71285K, committed 71808K, reserved 1114112K
  class space    used 9608K, committed 9856K, reserved 1048576K
}
Event: 131.919 GC heap after
{Heap after GC invocations=128 (full 0):
 garbage-first heap   total 222208K, used 102918K [0x00000000c1400000, 0x0000000100000000)
  region size 1024K, 12 young (12288K), 12 survivors (12288K)
 Metaspace       used 71285K, committed 71808K, reserved 1114112K
  class space    used 9608K, committed 9856K, reserved 1048576K
}
Event: 133.254 GC heap before
{Heap before GC invocations=129 (full 0):
 garbage-first heap   total 222208K, used 152070K [0x00000000c1400000, 0x0000000100000000)
  region size 1024K, 93 young (95232K), 12 survivors (12288K)
 Metaspace       used 71285K, committed 71808K, reserved 1114112K
  class space    used 9608K, committed 9856K, reserved 1048576K
}
Event: 133.275 GC heap after
{Heap after GC invocations=130 (full 0):
 garbage-first heap   total 222208K, used 71099K [0x00000000c1400000, 0x0000000100000000)
  region size 1024K, 8 young (8192K), 8 survivors (8192K)
 Metaspace       used 71285K, committed 71808K, reserved 1114112K
  class space    used 9608K, committed 9856K, reserved 1048576K
}
Event: 133.291 GC heap before
{Heap before GC invocations=130 (full 0):
 garbage-first heap   total 222208K, used 73147K [0x00000000c1400000, 0x0000000100000000)
  region size 1024K, 10 young (10240K), 8 survivors (8192K)
 Metaspace       used 71285K, committed 71808K, reserved 1114112K
  class space    used 9608K, committed 9856K, reserved 1048576K
}
Event: 133.307 GC heap after
{Heap after GC invocations=131 (full 0):
 garbage-first heap   total 222208K, used 66108K [0x00000000c1400000, 0x0000000100000000)
  region size 1024K, 1 young (1024K), 1 survivors (1024K)
 Metaspace       used 71285K, committed 71808K, reserved 1114112K
  class space    used 9608K, committed 9856K, reserved 1048576K
}
Event: 134.345 GC heap before
{Heap before GC invocations=131 (full 0):
 garbage-first heap   total 222208K, used 181820K [0x00000000c1400000, 0x0000000100000000)
  region size 1024K, 114 young (116736K), 1 survivors (1024K)
 Metaspace       used 71285K, committed 71808K, reserved 1114112K
  class space    used 9608K, committed 9856K, reserved 1048576K
}

Deoptimization events (20 events):
Event: 7.516 Thread 0x000002688a1d43e0 DEOPT PACKING pc=0x000002688046c099 sp=0x0000009fe5afcf60
Event: 7.516 Thread 0x000002688a1d43e0 DEOPT UNPACKING pc=0x0000026880052b43 sp=0x0000009fe5afc440 mode 3
Event: 10.871 Thread 0x000002688a1d43e0 DEOPT PACKING pc=0x0000026880475b14 sp=0x0000009fe5afd1f0
Event: 10.871 Thread 0x000002688a1d43e0 DEOPT UNPACKING pc=0x0000026880052b43 sp=0x0000009fe5afc748 mode 0
Event: 12.171 Thread 0x000002688a1d43e0 DEOPT PACKING pc=0x000002688063edf5 sp=0x0000009fe5afd9a0
Event: 12.171 Thread 0x000002688a1d43e0 DEOPT UNPACKING pc=0x0000026880052b43 sp=0x0000009fe5afce10 mode 3
Event: 14.582 Thread 0x000002688a1d43e0 DEOPT PACKING pc=0x00000268806f28b4 sp=0x0000009fe5afd6c0
Event: 14.582 Thread 0x000002688a1d43e0 DEOPT UNPACKING pc=0x0000026880052b43 sp=0x0000009fe5afcb40 mode 3
Event: 14.646 Thread 0x000002688a1d43e0 DEOPT PACKING pc=0x00000268806fa263 sp=0x0000009fe5afd4b0
Event: 14.646 Thread 0x000002688a1d43e0 DEOPT UNPACKING pc=0x0000026880052b43 sp=0x0000009fe5afc940 mode 3
Event: 15.568 Thread 0x000002688a1d43e0 DEOPT PACKING pc=0x00000268807142fd sp=0x0000009fe5afc000
Event: 15.568 Thread 0x000002688a1d43e0 DEOPT UNPACKING pc=0x0000026880052b43 sp=0x0000009fe5afb568 mode 3
Event: 24.968 Thread 0x000002688a1d43e0 DEOPT PACKING pc=0x0000026880964c99 sp=0x0000009fe5afae40
Event: 24.968 Thread 0x000002688a1d43e0 DEOPT UNPACKING pc=0x0000026880052b43 sp=0x0000009fe5afa320 mode 3
Event: 25.918 Thread 0x000002688a1d43e0 DEOPT PACKING pc=0x00000268805f2724 sp=0x0000009fe5afe5a0
Event: 25.918 Thread 0x000002688a1d43e0 DEOPT UNPACKING pc=0x0000026880052b43 sp=0x0000009fe5afdc68 mode 0
Event: 26.073 Thread 0x000002688a1d43e0 DEOPT PACKING pc=0x000002688039df52 sp=0x0000009fe5afd9d0
Event: 26.073 Thread 0x000002688a1d43e0 DEOPT UNPACKING pc=0x0000026880052b43 sp=0x0000009fe5afced8 mode 3
Event: 86.593 Thread 0x000002688ceaeea0 DEOPT PACKING pc=0x0000026880c4c875 sp=0x0000009fe66fa8d0
Event: 86.593 Thread 0x000002688ceaeea0 DEOPT UNPACKING pc=0x0000026880052b43 sp=0x0000009fe66f9d40 mode 3

Classes unloaded (20 events):
Event: 86.651 Thread 0x00000268faf3e570 Unloading class 0x0000000100151800 'jdk/internal/reflect/GeneratedSerializationConstructorAccessor15'
Event: 86.651 Thread 0x00000268faf3e570 Unloading class 0x0000000100151400 'jdk/internal/reflect/GeneratedSerializationConstructorAccessor14'
Event: 86.651 Thread 0x00000268faf3e570 Unloading class 0x0000000100151000 'jdk/internal/reflect/GeneratedSerializationConstructorAccessor13'
Event: 86.651 Thread 0x00000268faf3e570 Unloading class 0x0000000100150c00 'jdk/internal/reflect/GeneratedSerializationConstructorAccessor12'
Event: 86.651 Thread 0x00000268faf3e570 Unloading class 0x0000000100150800 'jdk/internal/reflect/GeneratedSerializationConstructorAccessor11'
Event: 86.651 Thread 0x00000268faf3e570 Unloading class 0x0000000100150400 'jdk/internal/reflect/GeneratedSerializationConstructorAccessor10'
Event: 86.651 Thread 0x00000268faf3e570 Unloading class 0x0000000100150000 'jdk/internal/reflect/GeneratedSerializationConstructorAccessor9'
Event: 86.651 Thread 0x00000268faf3e570 Unloading class 0x0000000100144800 'java/lang/invoke/LambdaForm$MH+0x0000000100144800'
Event: 86.651 Thread 0x00000268faf3e570 Unloading class 0x0000000100144000 'java/lang/invoke/LambdaForm$MH+0x0000000100144000'
Event: 86.651 Thread 0x00000268faf3e570 Unloading class 0x0000000100143c00 'java/lang/invoke/LambdaForm$MH+0x0000000100143c00'
Event: 86.651 Thread 0x00000268faf3e570 Unloading class 0x0000000100143800 'java/lang/invoke/LambdaForm$MH+0x0000000100143800'
Event: 86.651 Thread 0x00000268faf3e570 Unloading class 0x0000000100143000 'java/lang/invoke/LambdaForm$MH+0x0000000100143000'
Event: 86.651 Thread 0x00000268faf3e570 Unloading class 0x0000000100142800 'java/lang/invoke/LambdaForm$MH+0x0000000100142800'
Event: 86.651 Thread 0x00000268faf3e570 Unloading class 0x00000001000c5000 'java/lang/invoke/LambdaForm$MH+0x00000001000c5000'
Event: 86.651 Thread 0x00000268faf3e570 Unloading class 0x00000001000c4c00 'java/lang/invoke/LambdaForm$MH+0x00000001000c4c00'
Event: 86.651 Thread 0x00000268faf3e570 Unloading class 0x00000001000c3000 'java/lang/invoke/LambdaForm$MH+0x00000001000c3000'
Event: 86.651 Thread 0x00000268faf3e570 Unloading class 0x00000001000c2400 'java/lang/invoke/LambdaForm$MH+0x00000001000c2400'
Event: 86.651 Thread 0x00000268faf3e570 Unloading class 0x00000001000c1c00 'java/lang/invoke/LambdaForm$MH+0x00000001000c1c00'
Event: 86.651 Thread 0x00000268faf3e570 Unloading class 0x00000001000c1400 'java/lang/invoke/LambdaForm$MH+0x00000001000c1400'
Event: 86.651 Thread 0x00000268faf3e570 Unloading class 0x00000001000c0c00 'java/lang/invoke/LambdaForm$MH+0x00000001000c0c00'

Classes redefined (0 events):
No events

Internal exceptions (20 events):
Event: 86.916 Thread 0x000002688ceaeea0 Exception <a 'java/lang/ClassNotFoundException'{0x00000000c5bc8dd8}: org/thymeleaf/model/AttributeValueQuotesBeanInfo> (0x00000000c5bc8dd8) 
thrown [e:\jenkins\tmp\workspace\build\src\src\hotspot\share\classfile\systemDictionary.cpp, line 256]
Event: 86.918 Thread 0x000002688ceaeea0 Exception <a 'java/lang/ClassNotFoundException'{0x00000000c5bd1ff0}: org/thymeleaf/model/AttributeValueQuotesCustomizer> (0x00000000c5bd1ff0) 
thrown [e:\jenkins\tmp\workspace\build\src\src\hotspot\share\classfile\systemDictionary.cpp, line 256]
Event: 86.929 Thread 0x000002688ceaeea0 Exception <a 'java/lang/ClassNotFoundException'{0x00000000c5a48860}: nz/net/ultraq/thymeleaf/models/extensions/ChildModelIteratorBeanInfo> (0x00000000c5a48860) 
thrown [e:\jenkins\tmp\workspace\build\src\src\hotspot\share\classfile\systemDictionary.cpp, line 256]
Event: 86.930 Thread 0x000002688ceaeea0 Exception <a 'java/lang/ClassNotFoundException'{0x00000000c5a52370}: nz/net/ultraq/thymeleaf/models/extensions/ChildModelIteratorCustomizer> (0x00000000c5a52370) 
thrown [e:\jenkins\tmp\workspace\build\src\src\hotspot\share\classfile\systemDictionary.cpp, line 256]
Event: 86.936 Thread 0x000002688ceaeea0 Exception <a 'java/lang/ClassNotFoundException'{0x00000000c5acf1d8}: org/thymeleaf/engine/CommentBeanInfo> (0x00000000c5acf1d8) 
thrown [e:\jenkins\tmp\workspace\build\src\src\hotspot\share\classfile\systemDictionary.cpp, line 256]
Event: 86.937 Thread 0x000002688ceaeea0 Exception <a 'java/lang/ClassNotFoundException'{0x00000000c5ad8d88}: org/thymeleaf/engine/CommentCustomizer> (0x00000000c5ad8d88) 
thrown [e:\jenkins\tmp\workspace\build\src\src\hotspot\share\classfile\systemDictionary.cpp, line 256]
Event: 86.955 Thread 0x000002688ceaeea0 Exception <a 'java/lang/ClassNotFoundException'{0x00000000c5967480}: nz/net/ultraq/thymeleaf/decorators/html/HtmlBodyDecoratorBeanInfo> (0x00000000c5967480) 
thrown [e:\jenkins\tmp\workspace\build\src\src\hotspot\share\classfile\systemDictionary.cpp, line 256]
Event: 86.957 Thread 0x000002688ceaeea0 Exception <a 'java/lang/ClassNotFoundException'{0x00000000c59709c0}: nz/net/ultraq/thymeleaf/decorators/html/HtmlBodyDecoratorCustomizer> (0x00000000c59709c0) 
thrown [e:\jenkins\tmp\workspace\build\src\src\hotspot\share\classfile\systemDictionary.cpp, line 256]
Event: 86.971 Thread 0x000002688ceaeea0 Exception <a 'java/lang/ClassNotFoundException'{0x00000000c59a9f98}: org/thymeleaf/engine/AttributeBeanInfo> (0x00000000c59a9f98) 
thrown [e:\jenkins\tmp\workspace\build\src\src\hotspot\share\classfile\systemDictionary.cpp, line 256]
Event: 86.973 Thread 0x000002688ceaeea0 Exception <a 'java/lang/ClassNotFoundException'{0x00000000c59b3bc0}: org/thymeleaf/engine/AttributeCustomizer> (0x00000000c59b3bc0) 
thrown [e:\jenkins\tmp\workspace\build\src\src\hotspot\share\classfile\systemDictionary.cpp, line 256]
Event: 86.978 Thread 0x000002688ceaeea0 Exception <a 'java/lang/ClassNotFoundException'{0x00000000c59d2978}: org/thymeleaf/standard/processor/StandardWithTagProcessorBeanInfo> (0x00000000c59d2978) 
thrown [e:\jenkins\tmp\workspace\build\src\src\hotspot\share\classfile\systemDictionary.cpp, line 256]
Event: 86.980 Thread 0x000002688ceaeea0 Exception <a 'java/lang/ClassNotFoundException'{0x00000000c59dce48}: org/thymeleaf/standard/processor/StandardWithTagProcessorCustomizer> (0x00000000c59dce48) 
thrown [e:\jenkins\tmp\workspace\build\src\src\hotspot\share\classfile\systemDictionary.cpp, line 256]
Event: 86.984 Thread 0x000002688ceaeea0 Exception <a 'java/lang/ClassNotFoundException'{0x00000000c59f1308}: org/thymeleaf/engine/HTMLAttributeDefinitionBeanInfo> (0x00000000c59f1308) 
thrown [e:\jenkins\tmp\workspace\build\src\src\hotspot\share\classfile\systemDictionary.cpp, line 256]
Event: 86.986 Thread 0x000002688ceaeea0 Exception <a 'java/lang/ClassNotFoundException'{0x00000000c59fb1b0}: org/thymeleaf/engine/AttributeDefinitionBeanInfo> (0x00000000c59fb1b0) 
thrown [e:\jenkins\tmp\workspace\build\src\src\hotspot\share\classfile\systemDictionary.cpp, line 256]
Event: 86.989 Thread 0x000002688ceaeea0 Exception <a 'java/lang/ClassNotFoundException'{0x00000000c58051e8}: org/thymeleaf/engine/AttributeDefinitionCustomizer> (0x00000000c58051e8) 
thrown [e:\jenkins\tmp\workspace\build\src\src\hotspot\share\classfile\systemDictionary.cpp, line 256]
Event: 86.992 Thread 0x000002688ceaeea0 Exception <a 'java/lang/ClassNotFoundException'{0x00000000c5814bf8}: org/thymeleaf/engine/HTMLAttributeDefinitionCustomizer> (0x00000000c5814bf8) 
thrown [e:\jenkins\tmp\workspace\build\src\src\hotspot\share\classfile\systemDictionary.cpp, line 256]
Event: 87.001 Thread 0x000002688ceaeea0 Exception <a 'java/lang/ClassNotFoundException'{0x00000000c584a768}: org/thymeleaf/engine/ElementModelStructureHandlerBeanInfo> (0x00000000c584a768) 
thrown [e:\jenkins\tmp\workspace\build\src\src\hotspot\share\classfile\systemDictionary.cpp, line 256]
Event: 87.003 Thread 0x000002688ceaeea0 Exception <a 'java/lang/ClassNotFoundException'{0x00000000c58539a8}: org/thymeleaf/engine/ElementModelStructureHandlerCustomizer> (0x00000000c58539a8) 
thrown [e:\jenkins\tmp\workspace\build\src\src\hotspot\share\classfile\systemDictionary.cpp, line 256]
Event: 87.010 Thread 0x000002688ceaeea0 Exception <a 'java/lang/ClassNotFoundException'{0x00000000c58bd0a0}: nz/net/ultraq/thymeleaf/fragments/FragmentMapBeanInfo> (0x00000000c58bd0a0) 
thrown [e:\jenkins\tmp\workspace\build\src\src\hotspot\share\classfile\systemDictionary.cpp, line 256]
Event: 87.012 Thread 0x000002688ceaeea0 Exception <a 'java/lang/ClassNotFoundException'{0x00000000c58c6220}: nz/net/ultraq/thymeleaf/fragments/FragmentMapCustomizer> (0x00000000c58c6220) 
thrown [e:\jenkins\tmp\workspace\build\src\src\hotspot\share\classfile\systemDictionary.cpp, line 256]

VM Operations (20 events):
Event: 127.166 Executing VM operation: G1CollectForAllocation done
Event: 128.427 Executing VM operation: G1CollectForAllocation
Event: 128.481 Executing VM operation: G1CollectForAllocation done
Event: 129.481 Executing VM operation: Cleanup
Event: 129.634 Executing VM operation: Cleanup done
Event: 130.009 Executing VM operation: G1CollectForAllocation
Event: 130.049 Executing VM operation: G1CollectForAllocation done
Event: 130.782 Executing VM operation: G1CollectForAllocation
Event: 130.801 Executing VM operation: G1CollectForAllocation done
Event: 131.895 Executing VM operation: G1CollectForAllocation
Event: 131.919 Executing VM operation: G1CollectForAllocation done
Event: 132.118 Executing VM operation: G1Concurrent
Event: 132.132 Executing VM operation: G1Concurrent done
Event: 132.220 Executing VM operation: G1Concurrent
Event: 132.221 Executing VM operation: G1Concurrent done
Event: 133.254 Executing VM operation: G1CollectForAllocation
Event: 133.275 Executing VM operation: G1CollectForAllocation done
Event: 133.291 Executing VM operation: G1CollectForAllocation
Event: 133.307 Executing VM operation: G1CollectForAllocation done
Event: 134.345 Executing VM operation: G1CollectForAllocation

Events (20 events):
Event: 86.885 loading class java/util/ArrayListBeanInfo
Event: 86.885 loading class java/util/ArrayListBeanInfo done
Event: 86.885 loading class java/util/AbstractListBeanInfo
Event: 86.885 loading class java/util/AbstractListBeanInfo done
Event: 86.886 loading class java/util/AbstractListBeanInfo
Event: 86.886 loading class java/util/AbstractListBeanInfo done
Event: 86.886 loading class java/util/AbstractListCustomizer
Event: 86.886 loading class java/util/AbstractListCustomizer done
Event: 86.886 loading class java/util/AbstractListCustomizer
Event: 86.886 loading class java/util/AbstractListCustomizer done
Event: 86.887 loading class java/util/ArrayListCustomizer
Event: 86.887 loading class java/util/ArrayListCustomizer done
Event: 86.887 loading class java/util/ArrayListCustomizer
Event: 86.887 loading class java/util/ArrayListCustomizer done
Event: 96.640 Thread 0x000002688af9b030 Thread exited: 0x000002688af9b030
Event: 108.072 Thread 0x000002688ceb4ee0 Thread exited: 0x000002688ceb4ee0
Event: 108.072 Thread 0x00000268890714a0 Thread exited: 0x00000268890714a0
Event: 108.072 Thread 0x000002688ceb4a10 Thread exited: 0x000002688ceb4a10
Event: 108.072 Thread 0x000002688a1d3f10 Thread exited: 0x000002688a1d3f10
Event: 108.150 Thread 0x000002688d9b1470 Thread exited: 0x000002688d9b1470


Dynamic libraries:
0x00007ff6ada70000 - 0x00007ff6ada7e000 	C:\Users\hp\Downloads\sts-4.15.1.RELEASE\plugins\org.eclipse.justj.openjdk.hotspot.jre.full.win32.x86_64_17.0.3.v20220515-1416\jre\bin\javaw.exe
0x00007fffa7690000 - 0x00007fffa7887000 	C:\Windows\SYSTEM32\ntdll.dll
0x00007fffa6160000 - 0x00007fffa621d000 	C:\Windows\System32\KERNEL32.DLL
0x00007fffa4e20000 - 0x00007fffa50ed000 	C:\Windows\System32\KERNELBASE.dll
0x00007fffa53e0000 - 0x00007fffa54e0000 	C:\Windows\System32\ucrtbase.dll
0x00007fff73e60000 - 0x00007fff73e78000 	C:\Users\hp\Downloads\sts-4.15.1.RELEASE\plugins\org.eclipse.justj.openjdk.hotspot.jre.full.win32.x86_64_17.0.3.v20220515-1416\jre\bin\jli.dll
0x00007fffa5950000 - 0x00007fffa5af0000 	C:\Windows\System32\USER32.dll
0x00007fffa52d0000 - 0x00007fffa52f2000 	C:\Windows\System32\win32u.dll
0x00007fffa5ea0000 - 0x00007fffa5eca000 	C:\Windows\System32\GDI32.dll
0x00007fff78940000 - 0x00007fff78959000 	C:\Users\hp\Downloads\sts-4.15.1.RELEASE\plugins\org.eclipse.justj.openjdk.hotspot.jre.full.win32.x86_64_17.0.3.v20220515-1416\jre\bin\VCRUNTIME140.dll
0x00007fffa50f0000 - 0x00007fffa51fb000 	C:\Windows\System32\gdi32full.dll
0x00007fffa5230000 - 0x00007fffa52cd000 	C:\Windows\System32\msvcp_win.dll
0x00007fff85240000 - 0x00007fff854da000 	C:\Windows\WinSxS\amd64_microsoft.windows.common-controls_6595b64144ccf1df_6.0.19041.1110_none_60b5254171f9507e\COMCTL32.dll
0x00007fffa75b0000 - 0x00007fffa764e000 	C:\Windows\System32\msvcrt.dll
0x00007fffa5cc0000 - 0x00007fffa5cf0000 	C:\Windows\System32\IMM32.DLL
0x00007fff77c90000 - 0x00007fff77c9c000 	C:\Users\hp\Downloads\sts-4.15.1.RELEASE\plugins\org.eclipse.justj.openjdk.hotspot.jre.full.win32.x86_64_17.0.3.v20220515-1416\jre\bin\vcruntime140_1.dll
0x00007fff34c50000 - 0x00007fff34ce1000 	C:\Users\hp\Downloads\sts-4.15.1.RELEASE\plugins\org.eclipse.justj.openjdk.hotspot.jre.full.win32.x86_64_17.0.3.v20220515-1416\jre\bin\msvcp140.dll
0x00007fff2a8e0000 - 0x00007fff2b528000 	C:\Users\hp\Downloads\sts-4.15.1.RELEASE\plugins\org.eclipse.justj.openjdk.hotspot.jre.full.win32.x86_64_17.0.3.v20220515-1416\jre\bin\server\jvm.dll
0x00007fffa5af0000 - 0x00007fffa5b9e000 	C:\Windows\System32\ADVAPI32.dll
0x00007fffa6220000 - 0x00007fffa62bc000 	C:\Windows\System32\sechost.dll
0x00007fffa5820000 - 0x00007fffa5945000 	C:\Windows\System32\RPCRT4.dll
0x00007fffa6a80000 - 0x00007fffa6a88000 	C:\Windows\System32\PSAPI.DLL
0x00007fff8c630000 - 0x00007fff8c639000 	C:\Windows\SYSTEM32\WSOCK32.dll
0x00007fffa60f0000 - 0x00007fffa615b000 	C:\Windows\System32\WS2_32.dll
0x00007fff8e490000 - 0x00007fff8e4b7000 	C:\Windows\SYSTEM32\WINMM.dll
0x00007fff9e0b0000 - 0x00007fff9e0ba000 	C:\Windows\SYSTEM32\VERSION.dll
0x00007fffa2c70000 - 0x00007fffa2c82000 	C:\Windows\SYSTEM32\kernel.appcore.dll
0x00007fff94320000 - 0x00007fff9432a000 	C:\Users\hp\Downloads\sts-4.15.1.RELEASE\plugins\org.eclipse.justj.openjdk.hotspot.jre.full.win32.x86_64_17.0.3.v20220515-1416\jre\bin\jimage.dll
0x00007fff8f300000 - 0x00007fff8f4e4000 	C:\Windows\SYSTEM32\DBGHELP.DLL
0x00007fff8dc50000 - 0x00007fff8dc7c000 	C:\Windows\SYSTEM32\dbgcore.DLL
0x00007fffa5350000 - 0x00007fffa53d2000 	C:\Windows\System32\bcryptPrimitives.dll
0x00007fff6ab90000 - 0x00007fff6abb5000 	C:\Users\hp\Downloads\sts-4.15.1.RELEASE\plugins\org.eclipse.justj.openjdk.hotspot.jre.full.win32.x86_64_17.0.3.v20220515-1416\jre\bin\java.dll
0x00007fff6c800000 - 0x00007fff6c818000 	C:\Users\hp\Downloads\sts-4.15.1.RELEASE\plugins\org.eclipse.justj.openjdk.hotspot.jre.full.win32.x86_64_17.0.3.v20220515-1416\jre\bin\zip.dll
0x00007fffa6330000 - 0x00007fffa6a74000 	C:\Windows\System32\SHELL32.dll
0x00007fffa2e70000 - 0x00007fffa3604000 	C:\Windows\SYSTEM32\windows.storage.dll
0x00007fffa7250000 - 0x00007fffa75a4000 	C:\Windows\System32\combase.dll
0x00007fffa4660000 - 0x00007fffa468c000 	C:\Windows\SYSTEM32\Wldp.dll
0x00007fffa7110000 - 0x00007fffa71bd000 	C:\Windows\System32\SHCORE.dll
0x00007fffa71f0000 - 0x00007fffa7245000 	C:\Windows\System32\shlwapi.dll
0x00007fffa4cf0000 - 0x00007fffa4d0f000 	C:\Windows\SYSTEM32\profapi.dll
0x00007fff6be80000 - 0x00007fff6be99000 	C:\Users\hp\Downloads\sts-4.15.1.RELEASE\plugins\org.eclipse.justj.openjdk.hotspot.jre.full.win32.x86_64_17.0.3.v20220515-1416\jre\bin\net.dll
0x00007fff9bc90000 - 0x00007fff9bd9a000 	C:\Windows\SYSTEM32\WINHTTP.dll
0x00007fffa4440000 - 0x00007fffa44aa000 	C:\Windows\system32\mswsock.dll
0x00007fff6bc10000 - 0x00007fff6bc25000 	C:\Users\hp\Downloads\sts-4.15.1.RELEASE\plugins\org.eclipse.justj.openjdk.hotspot.jre.full.win32.x86_64_17.0.3.v20220515-1416\jre\bin\nio.dll
0x00007fff73e50000 - 0x00007fff73e59000 	C:\Users\hp\Downloads\sts-4.15.1.RELEASE\plugins\org.eclipse.justj.openjdk.hotspot.jre.full.win32.x86_64_17.0.3.v20220515-1416\jre\bin\management.dll
0x00007fff6c5a0000 - 0x00007fff6c5ab000 	C:\Users\hp\Downloads\sts-4.15.1.RELEASE\plugins\org.eclipse.justj.openjdk.hotspot.jre.full.win32.x86_64_17.0.3.v20220515-1416\jre\bin\management_ext.dll
0x00007fff8c690000 - 0x00007fff8c6a7000 	C:\Windows\system32\napinsp.dll
0x00007fff8c670000 - 0x00007fff8c68b000 	C:\Windows\system32\pnrpnsp.dll
0x00007fff9e930000 - 0x00007fff9e945000 	C:\Windows\system32\wshbth.dll
0x00007fffa07b0000 - 0x00007fffa07cd000 	C:\Windows\system32\NLAapi.dll
0x00007fffa4150000 - 0x00007fffa418b000 	C:\Windows\SYSTEM32\IPHLPAPI.DLL
0x00007fffa4190000 - 0x00007fffa425b000 	C:\Windows\SYSTEM32\DNSAPI.dll
0x00007fffa71c0000 - 0x00007fffa71c8000 	C:\Windows\System32\NSI.dll
0x00007fff8c650000 - 0x00007fff8c662000 	C:\Windows\System32\winrnr.dll
0x00007fff92180000 - 0x00007fff9218a000 	C:\Windows\System32\rasadhlp.dll
0x00007fff9b280000 - 0x00007fff9b300000 	C:\Windows\System32\fwpuclnt.dll
0x00007fffa5200000 - 0x00007fffa5227000 	C:\Windows\System32\bcrypt.dll
0x00007fffa49a0000 - 0x00007fffa49b8000 	C:\Windows\SYSTEM32\CRYPTSP.dll
0x00007fffa3de0000 - 0x00007fffa3e14000 	C:\Windows\system32\rsaenh.dll
0x00007fffa4cb0000 - 0x00007fffa4cde000 	C:\Windows\SYSTEM32\USERENV.dll
0x00007fffa45d0000 - 0x00007fffa45dc000 	C:\Windows\SYSTEM32\CRYPTBASE.dll
0x00007fff9dda0000 - 0x00007fff9ddb7000 	C:\Windows\SYSTEM32\dhcpcsvc6.DLL
0x00007fff9dd00000 - 0x00007fff9dd1d000 	C:\Windows\SYSTEM32\dhcpcsvc.DLL
0x00007fff78930000 - 0x00007fff78940000 	C:\Users\hp\Downloads\sts-4.15.1.RELEASE\plugins\org.eclipse.justj.openjdk.hotspot.jre.full.win32.x86_64_17.0.3.v20220515-1416\jre\bin\verify.dll
0x00007fff74190000 - 0x00007fff7419e000 	C:\Users\hp\Downloads\sts-4.15.1.RELEASE\plugins\org.eclipse.justj.openjdk.hotspot.jre.full.win32.x86_64_17.0.3.v20220515-1416\jre\bin\sunmscapi.dll
0x00007fffa54e0000 - 0x00007fffa5636000 	C:\Windows\System32\CRYPT32.dll
0x00007fffa46d0000 - 0x00007fffa46f7000 	C:\Windows\SYSTEM32\ncrypt.dll
0x00007fffa4690000 - 0x00007fffa46cb000 	C:\Windows\SYSTEM32\NTASN1.dll
0x00007fff79b80000 - 0x00007fff79b87000 	C:\Windows\system32\wshunix.dll

dbghelp: loaded successfully - version: 4.0.5 - missing functions: none
symbol engine: initialized successfully - sym options: 0x614 - pdb path: .;C:\Users\hp\Downloads\sts-4.15.1.RELEASE\plugins\org.eclipse.justj.openjdk.hotspot.jre.full.win32.x86_64_17.0.3.v20220515-1416\jre\bin;C:\Windows\SYSTEM32;C:\Windows\WinSxS\amd64_microsoft.windows.common-controls_6595b64144ccf1df_6.0.19041.1110_none_60b5254171f9507e;C:\Users\hp\Downloads\sts-4.15.1.RELEASE\plugins\org.eclipse.justj.openjdk.hotspot.jre.full.win32.x86_64_17.0.3.v20220515-1416\jre\bin\server

VM Arguments:
jvm_args: -Dcom.sun.management.jmxremote -Dcom.sun.management.jmxremote.port=61710 -Dcom.sun.management.jmxremote.authenticate=false -Dcom.sun.management.jmxremote.ssl=false -Djava.rmi.server.hostname=localhost -Dspring.jmx.enabled=true -Dspring.application.admin.enabled=true -XX:TieredStopAtLevel=1 -Dspring.boot.project.name=springboot-thymeleaf-Application -Dfile.encoding=UTF-8 -XX:+ShowCodeDetailsInExceptionMessages 
java_command: com.springboot.SpringbootThymeleafCrudWebAppApplication --spring.output.ansi.enabled=always
java_class_path (initial): C:\Users\hp\Desktop\BD&IOT\S2\springboot-thymeleaf-crud-pagination-sorting-webapp-master\target\classes;C:\Users\hp\.m2\repository\org\springframework\boot\spring-boot-starter-data-jpa\2.2.7.RELEASE\spring-boot-starter-data-jpa-2.2.7.RELEASE.jar;C:\Users\hp\.m2\repository\org\springframework\boot\spring-boot-starter-aop\2.2.7.RELEASE\spring-boot-starter-aop-2.2.7.RELEASE.jar;C:\Users\hp\.m2\repository\org\aspectj\aspectjweaver\1.9.5\aspectjweaver-1.9.5.jar;C:\Users\hp\.m2\repository\org\springframework\boot\spring-boot-starter-jdbc\2.2.7.RELEASE\spring-boot-starter-jdbc-2.2.7.RELEASE.jar;C:\Users\hp\.m2\repository\com\zaxxer\HikariCP\3.4.3\HikariCP-3.4.3.jar;C:\Users\hp\.m2\repository\org\springframework\spring-jdbc\5.2.6.RELEASE\spring-jdbc-5.2.6.RELEASE.jar;C:\Users\hp\.m2\repository\jakarta\persistence\jakarta.persistence-api\2.2.3\jakarta.persistence-api-2.2.3.jar;C:\Users\hp\.m2\repository\jakarta\transaction\jakarta.transaction-api\1.3.3\jakarta.transaction-api-1.3.3.jar;C:\Users\hp\.m2\repository\org\hibernate\hibernate-core\5.4.15.Final\hibernate-core-5.4.15.Final.jar;C:\Users\hp\.m2\repository\org\jboss\logging\jboss-logging\3.4.1.Final\jboss-logging-3.4.1.Final.jar;C:\Users\hp\.m2\repository\org\javassist\javassist\3.24.0-GA\javassist-3.24.0-GA.jar;C:\Users\hp\.m2\repository\net\bytebuddy\byte-buddy\1.10.10\byte-buddy-1.10.10.jar;C:\Users\hp\.m2\repository\antlr\antlr\2.7.7\antlr-2.7.7.jar;C:\Users\hp\.m2\repository\org\jboss\jandex\2.1.3.Final\jandex-2.1.3.Final.jar;C:\Users\hp\.m2\repository\com\fasterxml\classmate\1.5.1\classmate-1.5.1.jar;C:\Users\hp\.m2\repository\org\dom4j\dom4j\2.1.3\dom4j-2.1.3.jar;C:\Users\hp\.m2\repository\org\hibernate\common\hibernate-commons-annotations\5.1.0.Final\hibernate-commons-annotations-5.1.0.Final.jar;C:\Users\hp\.m2\repository\org\glassfish\jaxb\jaxb-runtime\2.3.3\jaxb-runtime-2.3.3.jar;C:\Users\hp\.m2\repository\org\glassfish\jaxb\txw2\2.3.3\txw2-2.3.3.jar;C:\Users\hp\.m2\repository\com\
Launcher Type: SUN_STANDARD

[Global flags]
     intx CICompilerCount                          = 3                                         {product} {ergonomic}
     uint ConcGCThreads                            = 1                                         {product} {ergonomic}
     uint G1ConcRefinementThreads                  = 4                                         {product} {ergonomic}
   size_t G1HeapRegionSize                         = 1048576                                   {product} {ergonomic}
    uintx GCDrainStackTargetSize                   = 64                                        {product} {ergonomic}
   size_t InitialHeapSize                          = 67108864                                  {product} {ergonomic}
     bool ManagementServer                         = true                                      {product} {command line}
   size_t MarkStackSize                            = 4194304                                   {product} {ergonomic}
   size_t MaxHeapSize                              = 1052770304                                {product} {ergonomic}
   size_t MaxNewSize                               = 631242752                                 {product} {ergonomic}
   size_t MinHeapDeltaBytes                        = 1048576                                   {product} {ergonomic}
   size_t MinHeapSize                              = 8388608                                   {product} {ergonomic}
    uintx NonProfiledCodeHeapSize                  = 0                                      {pd product} {ergonomic}
     bool ProfileInterpreter                       = false                                  {pd product} {command line}
    uintx ProfiledCodeHeapSize                     = 0                                      {pd product} {ergonomic}
     bool ShowCodeDetailsInExceptionMessages       = true                                   {manageable} {command line}
   size_t SoftMaxHeapSize                          = 1052770304                             {manageable} {ergonomic}
     intx TieredStopAtLevel                        = 1                                         {product} {command line}
     bool UseCompressedClassPointers               = true                           {product lp64_product} {ergonomic}
     bool UseCompressedOops                        = true                           {product lp64_product} {ergonomic}
     bool UseG1GC                                  = true                                      {product} {ergonomic}
     bool UseLargePagesIndividualAllocation        = false                                  {pd product} {ergonomic}

Logging:
Log output configuration:
 #0: stdout all=warning uptime,level,tags
 #1: stderr all=off uptime,level,tags

Environment Variables:
PATH=C:/Users/hp/Downloads/sts-4.15.1.RELEASE//plugins/org.eclipse.justj.openjdk.hotspot.jre.full.win32.x86_64_17.0.3.v20220515-1416/jre/bin/server;C:/Users/hp/Downloads/sts-4.15.1.RELEASE//plugins/org.eclipse.justj.openjdk.hotspot.jre.full.win32.x86_64_17.0.3.v20220515-1416/jre/bin;C:\oraclexe\app\oracle\product\11.2.0\server\bin;C:\Program Files\Common Files\Oracle\Java\javapath;C:\Windows\system32;C:\Windows;C:\Windows\System32\Wbem;C:\Windows\System32\WindowsPowerShell\v1.0\;C:\Windows\System32\OpenSSH\;C:\Program Files\Docker\Docker\resources\bin;C:\ProgramData\DockerDesktop\version-bin;C:\Program Files\MongoDB\Server\5.0\bin;C:\Program Files\nodejs\;C:\Users\hp\AppData\Local\Programs\Python\Python310\Scripts\;C:\Users\hp\AppData\Local\Programs\Python\Python310\;C:\Users\hp\AppData\Local\Microsoft\WindowsApps;;C:\Users\hp\AppData\Local\Programs\Microsoft VS Code\bin;C:\Users\hp\AppData\Roaming\npm;C:\Users\hp\Downloads\sts-4.15.1.RELEASE;
USERNAME=hp
OS=Windows_NT
PROCESSOR_IDENTIFIER=Intel64 Family 6 Model 142 Stepping 9, GenuineIntel



---------------  S Y S T E M  ---------------

OS:
 Windows 10 , 64 bit Build 19041 (10.0.19041.1741)
OS uptime: 7 days 20:34 hours
Hyper-V role detected

CPU: total 4 (initial active 4) (2 cores per cpu, 2 threads per core) family 6 model 142 stepping 9 microcode 0xb4, cx8, cmov, fxsr, ht, mmx, 3dnowpref, sse, sse2, sse3, ssse3, sse4.1, sse4.2, popcnt, lzcnt, tsc, tscinvbit, avx, avx2, aes, erms, clmul, bmi1, bmi2, adx, fma, vzeroupper, clflush, clflushopt, hv

Memory: 4k page, system-wide physical 4012M (218M free)
TotalPageFile size 16300M (AvailPageFile size 271M)
current process WorkingSet (physical memory assigned to process): 268M, peak: 300M
current process commit charge ("private bytes"): 409M, peak: 719M

vm_info: OpenJDK 64-Bit Server VM (17.0.3+7) for windows-amd64 JRE (17.0.3+7), built on Apr 19 2022 16:55:35 by "" with MS VC++ 16.7 (VS2019)

END.
